[2024-03-17T15:25:52.629+0000] {taskinstance.py:1159} INFO - Dependencies all met for dep_context=non-requeueable deps ti=<TaskInstance: HOMIE_AI.scrape_immobiliare_data manual__2024-03-17T15:25:47.985701+00:00 [queued]>
[2024-03-17T15:25:52.648+0000] {taskinstance.py:1159} INFO - Dependencies all met for dep_context=requeueable deps ti=<TaskInstance: HOMIE_AI.scrape_immobiliare_data manual__2024-03-17T15:25:47.985701+00:00 [queued]>
[2024-03-17T15:25:52.649+0000] {taskinstance.py:1361} INFO - Starting attempt 1 of 1
[2024-03-17T15:25:52.677+0000] {taskinstance.py:1382} INFO - Executing <Task(PythonOperator): scrape_immobiliare_data> on 2024-03-17 15:25:47.985701+00:00
[2024-03-17T15:25:52.683+0000] {standard_task_runner.py:57} INFO - Started process 70 to run task
[2024-03-17T15:25:52.689+0000] {standard_task_runner.py:84} INFO - Running: ['***', 'tasks', 'run', 'HOMIE_AI', 'scrape_immobiliare_data', 'manual__2024-03-17T15:25:47.985701+00:00', '--job-id', '123', '--raw', '--subdir', 'DAGS_FOLDER/dag_aihome.py', '--cfg-path', '/tmp/tmp0rajt83v']
[2024-03-17T15:25:52.695+0000] {standard_task_runner.py:85} INFO - Job 123: Subtask scrape_immobiliare_data
[2024-03-17T15:25:52.799+0000] {task_command.py:416} INFO - Running <TaskInstance: HOMIE_AI.scrape_immobiliare_data manual__2024-03-17T15:25:47.985701+00:00 [running]> on host 7faed499a1cc
[2024-03-17T15:25:52.973+0000] {taskinstance.py:1662} INFO - Exporting env vars: AIRFLOW_CTX_DAG_OWNER='***' AIRFLOW_CTX_DAG_ID='HOMIE_AI' AIRFLOW_CTX_TASK_ID='scrape_immobiliare_data' AIRFLOW_CTX_EXECUTION_DATE='2024-03-17T15:25:47.985701+00:00' AIRFLOW_CTX_TRY_NUMBER='1' AIRFLOW_CTX_DAG_RUN_ID='manual__2024-03-17T15:25:47.985701+00:00'
[2024-03-17T15:25:55.708+0000] {homie_ai.py:107} INFO - Finished writing page 2 to csv file
[2024-03-17T15:25:56.962+0000] {homie_ai.py:107} INFO - Finished writing page 2 to csv file
[2024-03-17T15:25:58.019+0000] {homie_ai.py:107} INFO - Finished writing page 2 to csv file
[2024-03-17T15:25:58.495+0000] {homie_ai.py:107} INFO - Finished writing page 3 to csv file
[2024-03-17T15:26:00.306+0000] {homie_ai.py:107} INFO - Finished writing page 2 to csv file
[2024-03-17T15:26:00.914+0000] {homie_ai.py:107} INFO - Finished writing page 3 to csv file
[2024-03-17T15:26:01.482+0000] {homie_ai.py:107} INFO - Finished writing page 4 to csv file
[2024-03-17T15:26:02.342+0000] {homie_ai.py:107} INFO - Finished writing page 5 to csv file
[2024-03-17T15:26:03.613+0000] {homie_ai.py:107} INFO - Finished writing page 2 to csv file
[2024-03-17T15:26:04.175+0000] {homie_ai.py:107} INFO - Finished writing page 3 to csv file
[2024-03-17T15:26:04.710+0000] {homie_ai.py:107} INFO - Finished writing page 4 to csv file
[2024-03-17T15:26:05.224+0000] {homie_ai.py:107} INFO - Finished writing page 5 to csv file
[2024-03-17T15:26:05.759+0000] {homie_ai.py:107} INFO - Finished writing page 6 to csv file
[2024-03-17T15:26:06.285+0000] {homie_ai.py:107} INFO - Finished writing page 7 to csv file
[2024-03-17T15:26:06.852+0000] {homie_ai.py:107} INFO - Finished writing page 8 to csv file
[2024-03-17T15:26:07.483+0000] {homie_ai.py:107} INFO - Finished writing page 9 to csv file
[2024-03-17T15:26:07.960+0000] {homie_ai.py:107} INFO - Finished writing page 10 to csv file
[2024-03-17T15:26:09.221+0000] {homie_ai.py:107} INFO - Finished writing page 2 to csv file
[2024-03-17T15:26:09.859+0000] {homie_ai.py:107} INFO - Finished writing page 3 to csv file
[2024-03-17T15:26:10.369+0000] {homie_ai.py:107} INFO - Finished writing page 4 to csv file
[2024-03-17T15:26:11.057+0000] {homie_ai.py:107} INFO - Finished writing page 5 to csv file
[2024-03-17T15:26:11.968+0000] {homie_ai.py:107} INFO - Finished writing page 6 to csv file
[2024-03-17T15:26:13.007+0000] {homie_ai.py:107} INFO - Finished writing page 7 to csv file
[2024-03-17T15:26:13.666+0000] {homie_ai.py:107} INFO - Finished writing page 8 to csv file
[2024-03-17T15:26:14.386+0000] {homie_ai.py:107} INFO - Finished writing page 9 to csv file
[2024-03-17T15:26:15.631+0000] {homie_ai.py:107} INFO - Finished writing page 2 to csv file
[2024-03-17T15:26:16.203+0000] {homie_ai.py:107} INFO - Finished writing page 3 to csv file
[2024-03-17T15:26:16.741+0000] {homie_ai.py:107} INFO - Finished writing page 4 to csv file
[2024-03-17T15:26:17.371+0000] {homie_ai.py:107} INFO - Finished writing page 5 to csv file
[2024-03-17T15:26:17.892+0000] {homie_ai.py:107} INFO - Finished writing page 6 to csv file
[2024-03-17T15:26:18.376+0000] {homie_ai.py:107} INFO - Finished writing page 7 to csv file
[2024-03-17T15:26:19.964+0000] {homie_ai.py:107} INFO - Finished writing page 2 to csv file
[2024-03-17T15:26:20.771+0000] {homie_ai.py:107} INFO - Finished writing page 3 to csv file
[2024-03-17T15:26:21.305+0000] {homie_ai.py:107} INFO - Finished writing page 4 to csv file
[2024-03-17T15:26:21.973+0000] {homie_ai.py:107} INFO - Finished writing page 5 to csv file
[2024-03-17T15:26:22.659+0000] {homie_ai.py:107} INFO - Finished writing page 6 to csv file
[2024-03-17T15:26:23.241+0000] {homie_ai.py:107} INFO - Finished writing page 7 to csv file
[2024-03-17T15:26:24.598+0000] {homie_ai.py:107} INFO - Finished writing page 2 to csv file
[2024-03-17T15:26:25.128+0000] {homie_ai.py:107} INFO - Finished writing page 3 to csv file
[2024-03-17T15:26:25.763+0000] {homie_ai.py:107} INFO - Finished writing page 4 to csv file
[2024-03-17T15:26:26.396+0000] {homie_ai.py:107} INFO - Finished writing page 5 to csv file
[2024-03-17T15:26:26.980+0000] {homie_ai.py:107} INFO - Finished writing page 6 to csv file
[2024-03-17T15:26:27.731+0000] {homie_ai.py:107} INFO - Finished writing page 7 to csv file
[2024-03-17T15:26:28.319+0000] {homie_ai.py:107} INFO - Finished writing page 8 to csv file
[2024-03-17T15:26:29.519+0000] {homie_ai.py:107} INFO - Finished writing page 2 to csv file
[2024-03-17T15:26:30.083+0000] {homie_ai.py:107} INFO - Finished writing page 3 to csv file
[2024-03-17T15:26:30.675+0000] {homie_ai.py:107} INFO - Finished writing page 4 to csv file
[2024-03-17T15:26:31.293+0000] {homie_ai.py:107} INFO - Finished writing page 5 to csv file
[2024-03-17T15:26:31.843+0000] {homie_ai.py:107} INFO - Finished writing page 6 to csv file
[2024-03-17T15:26:32.513+0000] {homie_ai.py:107} INFO - Finished writing page 7 to csv file
[2024-03-17T15:26:33.172+0000] {homie_ai.py:107} INFO - Finished writing page 8 to csv file
[2024-03-17T15:26:34.240+0000] {homie_ai.py:107} INFO - Finished writing page 2 to csv file
[2024-03-17T15:26:34.746+0000] {homie_ai.py:107} INFO - Finished writing page 3 to csv file
[2024-03-17T15:26:35.304+0000] {homie_ai.py:107} INFO - Finished writing page 4 to csv file
[2024-03-17T15:26:35.811+0000] {homie_ai.py:107} INFO - Finished writing page 5 to csv file
[2024-03-17T15:26:36.327+0000] {homie_ai.py:107} INFO - Finished writing page 6 to csv file
[2024-03-17T15:26:37.029+0000] {homie_ai.py:107} INFO - Finished writing page 7 to csv file
[2024-03-17T15:26:37.565+0000] {homie_ai.py:107} INFO - Finished writing page 8 to csv file
[2024-03-17T15:26:38.950+0000] {homie_ai.py:107} INFO - Finished writing page 2 to csv file
[2024-03-17T15:26:39.524+0000] {homie_ai.py:107} INFO - Finished writing page 3 to csv file
[2024-03-17T15:26:40.072+0000] {homie_ai.py:107} INFO - Finished writing page 4 to csv file
[2024-03-17T15:26:40.614+0000] {homie_ai.py:107} INFO - Finished writing page 5 to csv file
[2024-03-17T15:26:41.638+0000] {homie_ai.py:107} INFO - Finished writing page 6 to csv file
[2024-03-17T15:26:42.198+0000] {homie_ai.py:107} INFO - Finished writing page 7 to csv file
[2024-03-17T15:26:42.697+0000] {homie_ai.py:107} INFO - Finished writing page 8 to csv file
[2024-03-17T15:26:43.955+0000] {homie_ai.py:107} INFO - Finished writing page 2 to csv file
[2024-03-17T15:26:44.523+0000] {homie_ai.py:107} INFO - Finished writing page 3 to csv file
[2024-03-17T15:26:45.055+0000] {homie_ai.py:107} INFO - Finished writing page 4 to csv file
[2024-03-17T15:26:45.573+0000] {homie_ai.py:107} INFO - Finished writing page 5 to csv file
[2024-03-17T15:26:46.218+0000] {homie_ai.py:107} INFO - Finished writing page 6 to csv file
[2024-03-17T15:26:46.724+0000] {homie_ai.py:107} INFO - Finished writing page 7 to csv file
[2024-03-17T15:26:47.301+0000] {homie_ai.py:107} INFO - Finished writing page 8 to csv file
[2024-03-17T15:26:48.529+0000] {homie_ai.py:107} INFO - Finished writing page 2 to csv file
[2024-03-17T15:26:49.071+0000] {homie_ai.py:107} INFO - Finished writing page 3 to csv file
[2024-03-17T15:26:49.578+0000] {homie_ai.py:107} INFO - Finished writing page 4 to csv file
[2024-03-17T15:26:50.277+0000] {homie_ai.py:107} INFO - Finished writing page 5 to csv file
[2024-03-17T15:26:50.975+0000] {homie_ai.py:107} INFO - Finished writing page 6 to csv file
[2024-03-17T15:26:51.925+0000] {homie_ai.py:107} INFO - Finished writing page 7 to csv file
[2024-03-17T15:26:52.439+0000] {homie_ai.py:107} INFO - Finished writing page 8 to csv file
[2024-03-17T15:26:53.677+0000] {homie_ai.py:107} INFO - Finished writing page 2 to csv file
[2024-03-17T15:26:54.228+0000] {homie_ai.py:107} INFO - Finished writing page 3 to csv file
[2024-03-17T15:26:54.748+0000] {homie_ai.py:107} INFO - Finished writing page 4 to csv file
[2024-03-17T15:26:55.409+0000] {homie_ai.py:107} INFO - Finished writing page 5 to csv file
[2024-03-17T15:26:56.141+0000] {homie_ai.py:107} INFO - Finished writing page 6 to csv file
[2024-03-17T15:26:56.660+0000] {homie_ai.py:107} INFO - Finished writing page 7 to csv file
[2024-03-17T15:26:57.247+0000] {homie_ai.py:107} INFO - Finished writing page 8 to csv file
[2024-03-17T15:26:58.436+0000] {homie_ai.py:107} INFO - Finished writing page 2 to csv file
[2024-03-17T15:26:59.067+0000] {homie_ai.py:107} INFO - Finished writing page 3 to csv file
[2024-03-17T15:26:59.650+0000] {homie_ai.py:107} INFO - Finished writing page 4 to csv file
[2024-03-17T15:27:00.360+0000] {homie_ai.py:107} INFO - Finished writing page 5 to csv file
[2024-03-17T15:27:00.990+0000] {homie_ai.py:107} INFO - Finished writing page 6 to csv file
[2024-03-17T15:27:01.568+0000] {homie_ai.py:107} INFO - Finished writing page 7 to csv file
[2024-03-17T15:27:02.094+0000] {homie_ai.py:107} INFO - Finished writing page 8 to csv file
[2024-03-17T15:27:03.463+0000] {homie_ai.py:107} INFO - Finished writing page 2 to csv file
[2024-03-17T15:27:03.967+0000] {homie_ai.py:107} INFO - Finished writing page 3 to csv file
[2024-03-17T15:27:04.519+0000] {homie_ai.py:107} INFO - Finished writing page 4 to csv file
[2024-03-17T15:27:05.164+0000] {homie_ai.py:107} INFO - Finished writing page 5 to csv file
[2024-03-17T15:27:05.708+0000] {homie_ai.py:107} INFO - Finished writing page 6 to csv file
[2024-03-17T15:27:06.260+0000] {homie_ai.py:107} INFO - Finished writing page 7 to csv file
[2024-03-17T15:27:06.788+0000] {homie_ai.py:107} INFO - Finished writing page 8 to csv file
[2024-03-17T15:27:08.195+0000] {homie_ai.py:107} INFO - Finished writing page 2 to csv file
[2024-03-17T15:27:08.734+0000] {homie_ai.py:107} INFO - Finished writing page 3 to csv file
[2024-03-17T15:27:09.429+0000] {homie_ai.py:107} INFO - Finished writing page 4 to csv file
[2024-03-17T15:27:09.984+0000] {homie_ai.py:107} INFO - Finished writing page 5 to csv file
[2024-03-17T15:27:10.577+0000] {homie_ai.py:107} INFO - Finished writing page 6 to csv file
[2024-03-17T15:27:11.200+0000] {homie_ai.py:107} INFO - Finished writing page 7 to csv file
[2024-03-17T15:27:11.758+0000] {homie_ai.py:107} INFO - Finished writing page 8 to csv file
[2024-03-17T15:27:12.911+0000] {homie_ai.py:107} INFO - Finished writing page 2 to csv file
[2024-03-17T15:27:13.431+0000] {homie_ai.py:107} INFO - Finished writing page 3 to csv file
[2024-03-17T15:27:14.133+0000] {homie_ai.py:107} INFO - Finished writing page 4 to csv file
[2024-03-17T15:27:14.760+0000] {homie_ai.py:107} INFO - Finished writing page 5 to csv file
[2024-03-17T15:27:15.291+0000] {homie_ai.py:107} INFO - Finished writing page 6 to csv file
[2024-03-17T15:27:15.861+0000] {homie_ai.py:107} INFO - Finished writing page 7 to csv file
[2024-03-17T15:27:16.539+0000] {homie_ai.py:107} INFO - Finished writing page 8 to csv file
[2024-03-17T15:27:17.852+0000] {homie_ai.py:107} INFO - Finished writing page 2 to csv file
[2024-03-17T15:27:18.640+0000] {homie_ai.py:107} INFO - Finished writing page 3 to csv file
[2024-03-17T15:27:19.560+0000] {homie_ai.py:107} INFO - Finished writing page 4 to csv file
[2024-03-17T15:27:20.078+0000] {homie_ai.py:107} INFO - Finished writing page 5 to csv file
[2024-03-17T15:27:20.638+0000] {homie_ai.py:107} INFO - Finished writing page 6 to csv file
[2024-03-17T15:27:21.442+0000] {homie_ai.py:107} INFO - Finished writing page 7 to csv file
[2024-03-17T15:27:22.070+0000] {homie_ai.py:107} INFO - Finished writing page 8 to csv file
[2024-03-17T15:27:23.592+0000] {homie_ai.py:107} INFO - Finished writing page 2 to csv file
[2024-03-17T15:27:24.343+0000] {homie_ai.py:107} INFO - Finished writing page 3 to csv file
[2024-03-17T15:27:24.981+0000] {homie_ai.py:107} INFO - Finished writing page 4 to csv file
[2024-03-17T15:27:25.608+0000] {homie_ai.py:107} INFO - Finished writing page 5 to csv file
[2024-03-17T15:27:26.127+0000] {homie_ai.py:107} INFO - Finished writing page 6 to csv file
[2024-03-17T15:27:26.687+0000] {homie_ai.py:107} INFO - Finished writing page 7 to csv file
[2024-03-17T15:27:27.210+0000] {homie_ai.py:107} INFO - Finished writing page 8 to csv file
[2024-03-17T15:27:28.487+0000] {homie_ai.py:107} INFO - Finished writing page 2 to csv file
[2024-03-17T15:27:29.028+0000] {homie_ai.py:107} INFO - Finished writing page 3 to csv file
[2024-03-17T15:27:29.599+0000] {homie_ai.py:107} INFO - Finished writing page 4 to csv file
[2024-03-17T15:27:30.359+0000] {homie_ai.py:107} INFO - Finished writing page 5 to csv file
[2024-03-17T15:27:31.038+0000] {homie_ai.py:107} INFO - Finished writing page 6 to csv file
[2024-03-17T15:27:31.712+0000] {homie_ai.py:107} INFO - Finished writing page 7 to csv file
[2024-03-17T15:27:32.632+0000] {homie_ai.py:107} INFO - Finished writing page 8 to csv file
[2024-03-17T15:27:34.674+0000] {homie_ai.py:107} INFO - Finished writing page 2 to csv file
[2024-03-17T15:27:35.363+0000] {homie_ai.py:107} INFO - Finished writing page 3 to csv file
[2024-03-17T15:27:35.937+0000] {homie_ai.py:107} INFO - Finished writing page 4 to csv file
[2024-03-17T15:27:37.128+0000] {homie_ai.py:107} INFO - Finished writing page 5 to csv file
[2024-03-17T15:27:37.779+0000] {homie_ai.py:107} INFO - Finished writing page 6 to csv file
[2024-03-17T15:27:38.309+0000] {homie_ai.py:107} INFO - Finished writing page 7 to csv file
[2024-03-17T15:27:39.058+0000] {homie_ai.py:107} INFO - Finished writing page 8 to csv file
[2024-03-17T15:27:41.318+0000] {homie_ai.py:107} INFO - Finished writing page 2 to csv file
[2024-03-17T15:27:41.918+0000] {homie_ai.py:107} INFO - Finished writing page 3 to csv file
[2024-03-17T15:27:42.811+0000] {homie_ai.py:107} INFO - Finished writing page 4 to csv file
[2024-03-17T15:27:43.405+0000] {homie_ai.py:107} INFO - Finished writing page 5 to csv file
[2024-03-17T15:27:44.027+0000] {homie_ai.py:107} INFO - Finished writing page 6 to csv file
[2024-03-17T15:27:44.745+0000] {homie_ai.py:107} INFO - Finished writing page 7 to csv file
[2024-03-17T15:27:45.436+0000] {homie_ai.py:107} INFO - Finished writing page 8 to csv file
[2024-03-17T15:27:46.858+0000] {homie_ai.py:107} INFO - Finished writing page 2 to csv file
[2024-03-17T15:27:47.340+0000] {homie_ai.py:107} INFO - Finished writing page 3 to csv file
[2024-03-17T15:27:47.957+0000] {homie_ai.py:107} INFO - Finished writing page 4 to csv file
[2024-03-17T15:27:48.483+0000] {homie_ai.py:107} INFO - Finished writing page 5 to csv file
[2024-03-17T15:27:49.022+0000] {homie_ai.py:107} INFO - Finished writing page 6 to csv file
[2024-03-17T15:27:49.831+0000] {homie_ai.py:107} INFO - Finished writing page 7 to csv file
[2024-03-17T15:27:50.347+0000] {homie_ai.py:107} INFO - Finished writing page 8 to csv file
[2024-03-17T15:27:52.318+0000] {homie_ai.py:107} INFO - Finished writing page 2 to csv file
[2024-03-17T15:27:52.859+0000] {homie_ai.py:107} INFO - Finished writing page 3 to csv file
[2024-03-17T15:27:53.676+0000] {homie_ai.py:107} INFO - Finished writing page 4 to csv file
[2024-03-17T15:27:54.693+0000] {homie_ai.py:107} INFO - Finished writing page 5 to csv file
[2024-03-17T15:27:55.395+0000] {homie_ai.py:107} INFO - Finished writing page 6 to csv file
[2024-03-17T15:27:55.950+0000] {homie_ai.py:107} INFO - Finished writing page 7 to csv file
[2024-03-17T15:27:56.466+0000] {homie_ai.py:107} INFO - Finished writing page 8 to csv file
[2024-03-17T15:27:58.253+0000] {homie_ai.py:107} INFO - Finished writing page 2 to csv file
[2024-03-17T15:27:58.863+0000] {homie_ai.py:107} INFO - Finished writing page 3 to csv file
[2024-03-17T15:27:59.480+0000] {homie_ai.py:107} INFO - Finished writing page 4 to csv file
[2024-03-17T15:28:00.110+0000] {homie_ai.py:107} INFO - Finished writing page 5 to csv file
[2024-03-17T15:28:00.783+0000] {homie_ai.py:107} INFO - Finished writing page 6 to csv file
[2024-03-17T15:28:01.618+0000] {homie_ai.py:107} INFO - Finished writing page 7 to csv file
[2024-03-17T15:28:02.253+0000] {homie_ai.py:107} INFO - Finished writing page 8 to csv file
[2024-03-17T15:28:03.909+0000] {homie_ai.py:107} INFO - Finished writing page 2 to csv file
[2024-03-17T15:28:04.511+0000] {homie_ai.py:107} INFO - Finished writing page 3 to csv file
[2024-03-17T15:28:05.353+0000] {homie_ai.py:107} INFO - Finished writing page 4 to csv file
[2024-03-17T15:28:06.050+0000] {homie_ai.py:107} INFO - Finished writing page 5 to csv file
[2024-03-17T15:28:06.769+0000] {homie_ai.py:107} INFO - Finished writing page 6 to csv file
[2024-03-17T15:28:07.624+0000] {homie_ai.py:107} INFO - Finished writing page 7 to csv file
[2024-03-17T15:28:08.439+0000] {homie_ai.py:107} INFO - Finished writing page 8 to csv file
[2024-03-17T15:28:10.531+0000] {homie_ai.py:107} INFO - Finished writing page 2 to csv file
[2024-03-17T15:28:11.435+0000] {homie_ai.py:107} INFO - Finished writing page 3 to csv file
[2024-03-17T15:28:12.336+0000] {homie_ai.py:107} INFO - Finished writing page 4 to csv file
[2024-03-17T15:28:13.096+0000] {homie_ai.py:107} INFO - Finished writing page 5 to csv file
[2024-03-17T15:28:13.756+0000] {homie_ai.py:107} INFO - Finished writing page 6 to csv file
[2024-03-17T15:28:14.373+0000] {homie_ai.py:107} INFO - Finished writing page 7 to csv file
[2024-03-17T15:28:14.976+0000] {homie_ai.py:107} INFO - Finished writing page 8 to csv file
[2024-03-17T15:28:16.207+0000] {homie_ai.py:107} INFO - Finished writing page 2 to csv file
[2024-03-17T15:28:16.898+0000] {homie_ai.py:107} INFO - Finished writing page 3 to csv file
[2024-03-17T15:28:17.481+0000] {homie_ai.py:107} INFO - Finished writing page 4 to csv file
[2024-03-17T15:28:18.054+0000] {homie_ai.py:107} INFO - Finished writing page 5 to csv file
[2024-03-17T15:28:18.568+0000] {homie_ai.py:107} INFO - Finished writing page 6 to csv file
[2024-03-17T15:28:19.222+0000] {homie_ai.py:107} INFO - Finished writing page 7 to csv file
[2024-03-17T15:28:19.825+0000] {homie_ai.py:107} INFO - Finished writing page 8 to csv file
[2024-03-17T15:28:21.452+0000] {homie_ai.py:107} INFO - Finished writing page 2 to csv file
[2024-03-17T15:28:22.046+0000] {homie_ai.py:107} INFO - Finished writing page 3 to csv file
[2024-03-17T15:28:22.801+0000] {homie_ai.py:107} INFO - Finished writing page 4 to csv file
[2024-03-17T15:28:23.390+0000] {homie_ai.py:107} INFO - Finished writing page 5 to csv file
[2024-03-17T15:28:23.974+0000] {homie_ai.py:107} INFO - Finished writing page 6 to csv file
[2024-03-17T15:28:24.602+0000] {homie_ai.py:107} INFO - Finished writing page 7 to csv file
[2024-03-17T15:28:25.235+0000] {homie_ai.py:107} INFO - Finished writing page 8 to csv file
[2024-03-17T15:28:27.086+0000] {homie_ai.py:107} INFO - Finished writing page 2 to csv file
[2024-03-17T15:28:27.762+0000] {homie_ai.py:107} INFO - Finished writing page 3 to csv file
[2024-03-17T15:28:28.509+0000] {homie_ai.py:107} INFO - Finished writing page 4 to csv file
[2024-03-17T15:28:29.034+0000] {homie_ai.py:107} INFO - Finished writing page 5 to csv file
[2024-03-17T15:28:29.624+0000] {homie_ai.py:107} INFO - Finished writing page 6 to csv file
[2024-03-17T15:28:30.262+0000] {homie_ai.py:107} INFO - Finished writing page 7 to csv file
[2024-03-17T15:28:30.939+0000] {homie_ai.py:107} INFO - Finished writing page 8 to csv file
[2024-03-17T15:28:32.773+0000] {homie_ai.py:107} INFO - Finished writing page 2 to csv file
[2024-03-17T15:28:33.515+0000] {homie_ai.py:107} INFO - Finished writing page 3 to csv file
[2024-03-17T15:28:34.100+0000] {homie_ai.py:107} INFO - Finished writing page 4 to csv file
[2024-03-17T15:28:34.728+0000] {homie_ai.py:107} INFO - Finished writing page 5 to csv file
[2024-03-17T15:28:35.315+0000] {homie_ai.py:107} INFO - Finished writing page 6 to csv file
[2024-03-17T15:28:36.176+0000] {homie_ai.py:107} INFO - Finished writing page 7 to csv file
[2024-03-17T15:28:36.894+0000] {homie_ai.py:107} INFO - Finished writing page 8 to csv file
[2024-03-17T15:28:38.910+0000] {homie_ai.py:107} INFO - Finished writing page 2 to csv file
[2024-03-17T15:28:39.563+0000] {homie_ai.py:107} INFO - Finished writing page 3 to csv file
[2024-03-17T15:28:40.211+0000] {homie_ai.py:107} INFO - Finished writing page 4 to csv file
[2024-03-17T15:28:40.789+0000] {homie_ai.py:107} INFO - Finished writing page 5 to csv file
[2024-03-17T15:28:41.548+0000] {homie_ai.py:107} INFO - Finished writing page 6 to csv file
[2024-03-17T15:28:42.279+0000] {homie_ai.py:107} INFO - Finished writing page 7 to csv file
[2024-03-17T15:28:42.863+0000] {homie_ai.py:107} INFO - Finished writing page 8 to csv file
[2024-03-17T15:28:45.397+0000] {homie_ai.py:107} INFO - Finished writing page 2 to csv file
[2024-03-17T15:28:45.989+0000] {homie_ai.py:107} INFO - Finished writing page 3 to csv file
[2024-03-17T15:28:46.558+0000] {homie_ai.py:107} INFO - Finished writing page 4 to csv file
[2024-03-17T15:28:47.221+0000] {homie_ai.py:107} INFO - Finished writing page 5 to csv file
[2024-03-17T15:28:47.727+0000] {homie_ai.py:107} INFO - Finished writing page 6 to csv file
[2024-03-17T15:28:48.474+0000] {homie_ai.py:107} INFO - Finished writing page 7 to csv file
[2024-03-17T15:28:49.042+0000] {homie_ai.py:107} INFO - Finished writing page 8 to csv file
[2024-03-17T15:28:51.507+0000] {homie_ai.py:107} INFO - Finished writing page 2 to csv file
[2024-03-17T15:28:52.227+0000] {homie_ai.py:107} INFO - Finished writing page 3 to csv file
[2024-03-17T15:28:52.941+0000] {homie_ai.py:107} INFO - Finished writing page 4 to csv file
[2024-03-17T15:28:53.751+0000] {homie_ai.py:107} INFO - Finished writing page 5 to csv file
[2024-03-17T15:28:54.296+0000] {homie_ai.py:107} INFO - Finished writing page 6 to csv file
[2024-03-17T15:28:55.267+0000] {homie_ai.py:107} INFO - Finished writing page 7 to csv file
[2024-03-17T15:28:55.840+0000] {homie_ai.py:107} INFO - Finished writing page 8 to csv file
[2024-03-17T15:28:57.516+0000] {homie_ai.py:107} INFO - Finished writing page 2 to csv file
[2024-03-17T15:28:58.284+0000] {homie_ai.py:107} INFO - Finished writing page 3 to csv file
[2024-03-17T15:28:58.812+0000] {homie_ai.py:107} INFO - Finished writing page 4 to csv file
[2024-03-17T15:28:59.578+0000] {homie_ai.py:107} INFO - Finished writing page 5 to csv file
[2024-03-17T15:29:00.127+0000] {homie_ai.py:107} INFO - Finished writing page 6 to csv file
[2024-03-17T15:29:00.700+0000] {homie_ai.py:107} INFO - Finished writing page 7 to csv file
[2024-03-17T15:29:01.372+0000] {homie_ai.py:107} INFO - Finished writing page 8 to csv file
[2024-03-17T15:29:04.876+0000] {homie_ai.py:107} INFO - Finished writing page 2 to csv file
[2024-03-17T15:29:05.662+0000] {homie_ai.py:107} INFO - Finished writing page 3 to csv file
[2024-03-17T15:29:06.387+0000] {homie_ai.py:107} INFO - Finished writing page 4 to csv file
[2024-03-17T15:29:07.126+0000] {homie_ai.py:107} INFO - Finished writing page 5 to csv file
[2024-03-17T15:29:07.737+0000] {homie_ai.py:107} INFO - Finished writing page 6 to csv file
[2024-03-17T15:29:10.083+0000] {homie_ai.py:107} INFO - Finished writing page 2 to csv file
[2024-03-17T15:29:11.022+0000] {homie_ai.py:107} INFO - Finished writing page 3 to csv file
[2024-03-17T15:29:11.860+0000] {homie_ai.py:107} INFO - Finished writing page 4 to csv file
[2024-03-17T15:29:12.802+0000] {homie_ai.py:107} INFO - Finished writing page 5 to csv file
[2024-03-17T15:29:13.617+0000] {homie_ai.py:107} INFO - Finished writing page 6 to csv file
[2024-03-17T15:29:14.322+0000] {homie_ai.py:107} INFO - Finished writing page 7 to csv file
[2024-03-17T15:29:15.103+0000] {homie_ai.py:107} INFO - Finished writing page 8 to csv file
[2024-03-17T15:29:18.134+0000] {homie_ai.py:107} INFO - Finished writing page 2 to csv file
[2024-03-17T15:29:18.806+0000] {homie_ai.py:107} INFO - Finished writing page 3 to csv file
[2024-03-17T15:29:19.414+0000] {homie_ai.py:107} INFO - Finished writing page 4 to csv file
[2024-03-17T15:29:20.403+0000] {homie_ai.py:107} INFO - Finished writing page 5 to csv file
[2024-03-17T15:29:21.153+0000] {homie_ai.py:107} INFO - Finished writing page 6 to csv file
[2024-03-17T15:29:21.906+0000] {homie_ai.py:107} INFO - Finished writing page 7 to csv file
[2024-03-17T15:29:22.434+0000] {homie_ai.py:107} INFO - Finished writing page 8 to csv file
[2024-03-17T15:29:25.258+0000] {homie_ai.py:107} INFO - Finished writing page 2 to csv file
[2024-03-17T15:29:25.845+0000] {homie_ai.py:107} INFO - Finished writing page 3 to csv file
[2024-03-17T15:29:26.360+0000] {homie_ai.py:107} INFO - Finished writing page 4 to csv file
[2024-03-17T15:29:26.943+0000] {homie_ai.py:107} INFO - Finished writing page 5 to csv file
[2024-03-17T15:29:27.866+0000] {homie_ai.py:107} INFO - Finished writing page 6 to csv file
[2024-03-17T15:29:28.731+0000] {homie_ai.py:107} INFO - Finished writing page 7 to csv file
[2024-03-17T15:29:29.275+0000] {homie_ai.py:107} INFO - Finished writing page 8 to csv file
[2024-03-17T15:29:31.547+0000] {homie_ai.py:107} INFO - Finished writing page 2 to csv file
[2024-03-17T15:29:32.217+0000] {homie_ai.py:107} INFO - Finished writing page 3 to csv file
[2024-03-17T15:29:32.910+0000] {homie_ai.py:107} INFO - Finished writing page 4 to csv file
[2024-03-17T15:29:33.837+0000] {homie_ai.py:107} INFO - Finished writing page 5 to csv file
[2024-03-17T15:29:34.501+0000] {homie_ai.py:107} INFO - Finished writing page 6 to csv file
[2024-03-17T15:29:35.034+0000] {homie_ai.py:107} INFO - Finished writing page 7 to csv file
[2024-03-17T15:29:35.599+0000] {homie_ai.py:107} INFO - Finished writing page 8 to csv file
[2024-03-17T15:29:36.116+0000] {homie_ai.py:107} INFO - Finished writing page 9 to csv file
[2024-03-17T15:29:36.621+0000] {homie_ai.py:107} INFO - Finished writing page 10 to csv file
[2024-03-17T15:29:39.007+0000] {homie_ai.py:107} INFO - Finished writing page 2 to csv file
[2024-03-17T15:29:39.518+0000] {homie_ai.py:107} INFO - Finished writing page 3 to csv file
[2024-03-17T15:29:40.119+0000] {homie_ai.py:107} INFO - Finished writing page 4 to csv file
[2024-03-17T15:29:40.677+0000] {homie_ai.py:107} INFO - Finished writing page 5 to csv file
[2024-03-17T15:29:41.298+0000] {homie_ai.py:107} INFO - Finished writing page 6 to csv file
[2024-03-17T15:29:42.075+0000] {homie_ai.py:107} INFO - Finished writing page 7 to csv file
[2024-03-17T15:29:42.988+0000] {homie_ai.py:107} INFO - Finished writing page 8 to csv file
[2024-03-17T15:29:45.496+0000] {homie_ai.py:107} INFO - Finished writing page 2 to csv file
[2024-03-17T15:29:46.358+0000] {homie_ai.py:107} INFO - Finished writing page 3 to csv file
[2024-03-17T15:29:47.096+0000] {homie_ai.py:107} INFO - Finished writing page 4 to csv file
[2024-03-17T15:29:47.940+0000] {homie_ai.py:107} INFO - Finished writing page 5 to csv file
[2024-03-17T15:29:48.555+0000] {homie_ai.py:107} INFO - Finished writing page 6 to csv file
[2024-03-17T15:29:49.434+0000] {homie_ai.py:107} INFO - Finished writing page 7 to csv file
[2024-03-17T15:29:50.075+0000] {homie_ai.py:107} INFO - Finished writing page 8 to csv file
[2024-03-17T15:29:53.056+0000] {homie_ai.py:107} INFO - Finished writing page 2 to csv file
[2024-03-17T15:29:53.810+0000] {homie_ai.py:107} INFO - Finished writing page 3 to csv file
[2024-03-17T15:29:54.339+0000] {homie_ai.py:107} INFO - Finished writing page 4 to csv file
[2024-03-17T15:29:54.946+0000] {homie_ai.py:107} INFO - Finished writing page 5 to csv file
[2024-03-17T15:29:55.740+0000] {homie_ai.py:107} INFO - Finished writing page 6 to csv file
[2024-03-17T15:29:56.409+0000] {homie_ai.py:107} INFO - Finished writing page 7 to csv file
[2024-03-17T15:29:57.240+0000] {homie_ai.py:107} INFO - Finished writing page 8 to csv file
[2024-03-17T15:29:59.417+0000] {homie_ai.py:107} INFO - Finished writing page 2 to csv file
[2024-03-17T15:30:00.287+0000] {homie_ai.py:107} INFO - Finished writing page 3 to csv file
[2024-03-17T15:30:01.244+0000] {homie_ai.py:107} INFO - Finished writing page 4 to csv file
[2024-03-17T15:30:01.891+0000] {homie_ai.py:107} INFO - Finished writing page 5 to csv file
[2024-03-17T15:30:02.525+0000] {homie_ai.py:107} INFO - Finished writing page 6 to csv file
[2024-03-17T15:30:03.219+0000] {homie_ai.py:107} INFO - Finished writing page 7 to csv file
[2024-03-17T15:30:03.745+0000] {homie_ai.py:107} INFO - Finished writing page 8 to csv file
[2024-03-17T15:30:04.599+0000] {homie_ai.py:107} INFO - Finished writing page 9 to csv file
[2024-03-17T15:30:07.075+0000] {homie_ai.py:107} INFO - Finished writing page 2 to csv file
[2024-03-17T15:30:07.646+0000] {homie_ai.py:107} INFO - Finished writing page 3 to csv file
[2024-03-17T15:30:08.351+0000] {homie_ai.py:107} INFO - Finished writing page 4 to csv file
[2024-03-17T15:30:08.916+0000] {homie_ai.py:107} INFO - Finished writing page 5 to csv file
[2024-03-17T15:30:09.522+0000] {homie_ai.py:107} INFO - Finished writing page 6 to csv file
[2024-03-17T15:30:10.289+0000] {homie_ai.py:107} INFO - Finished writing page 7 to csv file
[2024-03-17T15:30:11.212+0000] {homie_ai.py:107} INFO - Finished writing page 8 to csv file
[2024-03-17T15:30:14.779+0000] {homie_ai.py:107} INFO - Finished writing page 2 to csv file
[2024-03-17T15:30:15.758+0000] {homie_ai.py:107} INFO - Finished writing page 3 to csv file
[2024-03-17T15:30:16.414+0000] {homie_ai.py:107} INFO - Finished writing page 4 to csv file
[2024-03-17T15:30:17.125+0000] {homie_ai.py:107} INFO - Finished writing page 5 to csv file
[2024-03-17T15:30:17.774+0000] {homie_ai.py:107} INFO - Finished writing page 6 to csv file
[2024-03-17T15:30:18.462+0000] {homie_ai.py:107} INFO - Finished writing page 7 to csv file
[2024-03-17T15:30:19.160+0000] {homie_ai.py:107} INFO - Finished writing page 8 to csv file
[2024-03-17T15:30:19.685+0000] {homie_ai.py:107} INFO - Finished writing page 9 to csv file
[2024-03-17T15:30:22.408+0000] {homie_ai.py:107} INFO - Finished writing page 2 to csv file
[2024-03-17T15:30:23.089+0000] {homie_ai.py:107} INFO - Finished writing page 3 to csv file
[2024-03-17T15:30:23.687+0000] {homie_ai.py:107} INFO - Finished writing page 4 to csv file
[2024-03-17T15:30:24.390+0000] {homie_ai.py:107} INFO - Finished writing page 5 to csv file
[2024-03-17T15:30:25.002+0000] {homie_ai.py:107} INFO - Finished writing page 6 to csv file
[2024-03-17T15:30:25.638+0000] {homie_ai.py:107} INFO - Finished writing page 7 to csv file
[2024-03-17T15:30:26.521+0000] {homie_ai.py:107} INFO - Finished writing page 8 to csv file
[2024-03-17T15:30:29.794+0000] {homie_ai.py:107} INFO - Finished writing page 2 to csv file
[2024-03-17T15:30:30.865+0000] {homie_ai.py:107} INFO - Finished writing page 3 to csv file
[2024-03-17T15:30:31.771+0000] {homie_ai.py:107} INFO - Finished writing page 4 to csv file
[2024-03-17T15:30:32.311+0000] {homie_ai.py:107} INFO - Finished writing page 5 to csv file
[2024-03-17T15:30:33.080+0000] {homie_ai.py:107} INFO - Finished writing page 6 to csv file
[2024-03-17T15:30:33.608+0000] {homie_ai.py:107} INFO - Finished writing page 7 to csv file
[2024-03-17T15:30:34.164+0000] {homie_ai.py:107} INFO - Finished writing page 8 to csv file
[2024-03-17T15:30:36.912+0000] {homie_ai.py:107} INFO - Finished writing page 2 to csv file
[2024-03-17T15:30:37.585+0000] {homie_ai.py:107} INFO - Finished writing page 3 to csv file
[2024-03-17T15:30:38.089+0000] {homie_ai.py:107} INFO - Finished writing page 4 to csv file
[2024-03-17T15:30:38.624+0000] {homie_ai.py:107} INFO - Finished writing page 5 to csv file
[2024-03-17T15:30:39.309+0000] {homie_ai.py:107} INFO - Finished writing page 6 to csv file
[2024-03-17T15:30:39.859+0000] {homie_ai.py:107} INFO - Finished writing page 7 to csv file
[2024-03-17T15:30:40.357+0000] {homie_ai.py:107} INFO - Finished writing page 8 to csv file
[2024-03-17T15:30:43.099+0000] {homie_ai.py:107} INFO - Finished writing page 2 to csv file
[2024-03-17T15:30:43.710+0000] {homie_ai.py:107} INFO - Finished writing page 3 to csv file
[2024-03-17T15:30:44.534+0000] {homie_ai.py:107} INFO - Finished writing page 4 to csv file
[2024-03-17T15:30:45.106+0000] {homie_ai.py:107} INFO - Finished writing page 5 to csv file
[2024-03-17T15:30:45.707+0000] {homie_ai.py:107} INFO - Finished writing page 6 to csv file
[2024-03-17T15:30:46.218+0000] {homie_ai.py:107} INFO - Finished writing page 7 to csv file
[2024-03-17T15:30:47.266+0000] {homie_ai.py:107} INFO - Finished writing page 8 to csv file
[2024-03-17T15:30:49.866+0000] {homie_ai.py:107} INFO - Finished writing page 2 to csv file
[2024-03-17T15:30:50.431+0000] {homie_ai.py:107} INFO - Finished writing page 3 to csv file
[2024-03-17T15:30:51.122+0000] {homie_ai.py:107} INFO - Finished writing page 4 to csv file
[2024-03-17T15:30:52.211+0000] {homie_ai.py:107} INFO - Finished writing page 5 to csv file
[2024-03-17T15:30:52.986+0000] {homie_ai.py:107} INFO - Finished writing page 6 to csv file
[2024-03-17T15:30:53.769+0000] {homie_ai.py:107} INFO - Finished writing page 7 to csv file
[2024-03-17T15:30:54.320+0000] {homie_ai.py:107} INFO - Finished writing page 8 to csv file
[2024-03-17T15:30:57.645+0000] {homie_ai.py:107} INFO - Finished writing page 2 to csv file
[2024-03-17T15:30:58.831+0000] {homie_ai.py:107} INFO - Finished writing page 3 to csv file
[2024-03-17T15:30:59.574+0000] {homie_ai.py:107} INFO - Finished writing page 4 to csv file
[2024-03-17T15:31:00.309+0000] {homie_ai.py:107} INFO - Finished writing page 5 to csv file
[2024-03-17T15:31:00.888+0000] {homie_ai.py:107} INFO - Finished writing page 6 to csv file
[2024-03-17T15:31:01.561+0000] {homie_ai.py:107} INFO - Finished writing page 7 to csv file
[2024-03-17T15:31:02.304+0000] {homie_ai.py:107} INFO - Finished writing page 8 to csv file
[2024-03-17T15:31:03.016+0000] {homie_ai.py:107} INFO - Finished writing page 9 to csv file
[2024-03-17T15:31:03.610+0000] {homie_ai.py:107} INFO - Finished writing page 10 to csv file
[2024-03-17T15:31:06.300+0000] {homie_ai.py:107} INFO - Finished writing page 2 to csv file
[2024-03-17T15:31:06.903+0000] {homie_ai.py:107} INFO - Finished writing page 3 to csv file
[2024-03-17T15:31:07.800+0000] {homie_ai.py:107} INFO - Finished writing page 4 to csv file
[2024-03-17T15:31:08.366+0000] {homie_ai.py:107} INFO - Finished writing page 5 to csv file
[2024-03-17T15:31:08.962+0000] {homie_ai.py:107} INFO - Finished writing page 6 to csv file
[2024-03-17T15:31:09.501+0000] {homie_ai.py:107} INFO - Finished writing page 7 to csv file
[2024-03-17T15:31:10.292+0000] {homie_ai.py:107} INFO - Finished writing page 8 to csv file
[2024-03-17T15:31:13.559+0000] {homie_ai.py:107} INFO - Finished writing page 2 to csv file
[2024-03-17T15:31:14.387+0000] {homie_ai.py:107} INFO - Finished writing page 3 to csv file
[2024-03-17T15:31:15.128+0000] {homie_ai.py:107} INFO - Finished writing page 4 to csv file
[2024-03-17T15:31:16.076+0000] {homie_ai.py:107} INFO - Finished writing page 5 to csv file
[2024-03-17T15:31:17.232+0000] {homie_ai.py:107} INFO - Finished writing page 6 to csv file
[2024-03-17T15:31:17.787+0000] {homie_ai.py:107} INFO - Finished writing page 7 to csv file
[2024-03-17T15:31:18.519+0000] {homie_ai.py:107} INFO - Finished writing page 8 to csv file
[2024-03-17T15:31:21.732+0000] {homie_ai.py:107} INFO - Finished writing page 2 to csv file
[2024-03-17T15:31:22.414+0000] {homie_ai.py:107} INFO - Finished writing page 3 to csv file
[2024-03-17T15:31:23.078+0000] {homie_ai.py:107} INFO - Finished writing page 4 to csv file
[2024-03-17T15:31:24.197+0000] {homie_ai.py:107} INFO - Finished writing page 5 to csv file
[2024-03-17T15:31:24.848+0000] {homie_ai.py:107} INFO - Finished writing page 6 to csv file
[2024-03-17T15:31:25.854+0000] {homie_ai.py:107} INFO - Finished writing page 7 to csv file
[2024-03-17T15:31:26.485+0000] {homie_ai.py:107} INFO - Finished writing page 8 to csv file
[2024-03-17T15:31:29.815+0000] {homie_ai.py:107} INFO - Finished writing page 2 to csv file
[2024-03-17T15:31:31.214+0000] {homie_ai.py:107} INFO - Finished writing page 3 to csv file
[2024-03-17T15:31:32.301+0000] {homie_ai.py:107} INFO - Finished writing page 4 to csv file
[2024-03-17T15:31:32.866+0000] {homie_ai.py:107} INFO - Finished writing page 5 to csv file
[2024-03-17T15:31:33.433+0000] {homie_ai.py:107} INFO - Finished writing page 6 to csv file
[2024-03-17T15:31:34.052+0000] {homie_ai.py:107} INFO - Finished writing page 7 to csv file
[2024-03-17T15:31:37.225+0000] {homie_ai.py:107} INFO - Finished writing page 2 to csv file
[2024-03-17T15:31:37.822+0000] {homie_ai.py:107} INFO - Finished writing page 3 to csv file
[2024-03-17T15:31:38.705+0000] {homie_ai.py:107} INFO - Finished writing page 4 to csv file
[2024-03-17T15:31:39.418+0000] {homie_ai.py:107} INFO - Finished writing page 5 to csv file
[2024-03-17T15:31:40.309+0000] {homie_ai.py:107} INFO - Finished writing page 6 to csv file
[2024-03-17T15:31:41.176+0000] {homie_ai.py:107} INFO - Finished writing page 7 to csv file
[2024-03-17T15:31:41.833+0000] {homie_ai.py:107} INFO - Finished writing page 8 to csv file
[2024-03-17T15:31:45.023+0000] {homie_ai.py:107} INFO - Finished writing page 2 to csv file
[2024-03-17T15:31:45.772+0000] {homie_ai.py:107} INFO - Finished writing page 3 to csv file
[2024-03-17T15:31:46.967+0000] {homie_ai.py:107} INFO - Finished writing page 4 to csv file
[2024-03-17T15:31:47.815+0000] {homie_ai.py:107} INFO - Finished writing page 5 to csv file
[2024-03-17T15:31:48.945+0000] {homie_ai.py:107} INFO - Finished writing page 6 to csv file
[2024-03-17T15:31:49.995+0000] {homie_ai.py:107} INFO - Finished writing page 7 to csv file
[2024-03-17T15:31:50.644+0000] {homie_ai.py:107} INFO - Finished writing page 8 to csv file
[2024-03-17T15:31:53.188+0000] {homie_ai.py:107} INFO - Finished writing page 2 to csv file
[2024-03-17T15:31:53.886+0000] {homie_ai.py:107} INFO - Finished writing page 3 to csv file
[2024-03-17T15:31:54.545+0000] {homie_ai.py:107} INFO - Finished writing page 4 to csv file
[2024-03-17T15:31:55.608+0000] {homie_ai.py:107} INFO - Finished writing page 5 to csv file
[2024-03-17T15:31:56.491+0000] {homie_ai.py:107} INFO - Finished writing page 6 to csv file
[2024-03-17T15:31:57.332+0000] {homie_ai.py:107} INFO - Finished writing page 7 to csv file
[2024-03-17T15:31:57.976+0000] {homie_ai.py:107} INFO - Finished writing page 8 to csv file
[2024-03-17T15:32:01.100+0000] {homie_ai.py:107} INFO - Finished writing page 2 to csv file
[2024-03-17T15:32:01.827+0000] {homie_ai.py:107} INFO - Finished writing page 3 to csv file
[2024-03-17T15:32:02.997+0000] {homie_ai.py:107} INFO - Finished writing page 4 to csv file
[2024-03-17T15:32:03.827+0000] {homie_ai.py:107} INFO - Finished writing page 5 to csv file
[2024-03-17T15:32:04.437+0000] {homie_ai.py:107} INFO - Finished writing page 6 to csv file
[2024-03-17T15:32:05.021+0000] {homie_ai.py:107} INFO - Finished writing page 7 to csv file
[2024-03-17T15:32:05.629+0000] {homie_ai.py:107} INFO - Finished writing page 8 to csv file
[2024-03-17T15:32:08.266+0000] {homie_ai.py:107} INFO - Finished writing page 2 to csv file
[2024-03-17T15:32:09.019+0000] {homie_ai.py:107} INFO - Finished writing page 3 to csv file
[2024-03-17T15:32:09.586+0000] {homie_ai.py:107} INFO - Finished writing page 4 to csv file
[2024-03-17T15:32:10.106+0000] {homie_ai.py:107} INFO - Finished writing page 5 to csv file
[2024-03-17T15:32:10.698+0000] {homie_ai.py:107} INFO - Finished writing page 6 to csv file
[2024-03-17T15:32:11.258+0000] {homie_ai.py:107} INFO - Finished writing page 7 to csv file
[2024-03-17T15:32:12.121+0000] {homie_ai.py:107} INFO - Finished writing page 8 to csv file
[2024-03-17T15:32:15.575+0000] {homie_ai.py:107} INFO - Finished writing page 2 to csv file
[2024-03-17T15:32:16.267+0000] {homie_ai.py:107} INFO - Finished writing page 3 to csv file
[2024-03-17T15:32:16.969+0000] {homie_ai.py:107} INFO - Finished writing page 4 to csv file
[2024-03-17T15:32:17.977+0000] {homie_ai.py:107} INFO - Finished writing page 5 to csv file
[2024-03-17T15:32:18.732+0000] {homie_ai.py:107} INFO - Finished writing page 6 to csv file
[2024-03-17T15:32:19.346+0000] {homie_ai.py:107} INFO - Finished writing page 7 to csv file
[2024-03-17T15:32:20.345+0000] {homie_ai.py:107} INFO - Finished writing page 8 to csv file
[2024-03-17T15:32:22.934+0000] {homie_ai.py:107} INFO - Finished writing page 2 to csv file
[2024-03-17T15:32:23.615+0000] {homie_ai.py:107} INFO - Finished writing page 3 to csv file
[2024-03-17T15:32:24.485+0000] {homie_ai.py:107} INFO - Finished writing page 4 to csv file
[2024-03-17T15:32:25.210+0000] {homie_ai.py:107} INFO - Finished writing page 5 to csv file
[2024-03-17T15:32:25.851+0000] {homie_ai.py:107} INFO - Finished writing page 6 to csv file
[2024-03-17T15:32:26.411+0000] {homie_ai.py:107} INFO - Finished writing page 7 to csv file
[2024-03-17T15:32:27.230+0000] {homie_ai.py:107} INFO - Finished writing page 8 to csv file
[2024-03-17T15:32:30.126+0000] {homie_ai.py:107} INFO - Finished writing page 2 to csv file
[2024-03-17T15:32:31.207+0000] {homie_ai.py:107} INFO - Finished writing page 3 to csv file
[2024-03-17T15:32:31.800+0000] {homie_ai.py:107} INFO - Finished writing page 4 to csv file
[2024-03-17T15:32:32.470+0000] {homie_ai.py:107} INFO - Finished writing page 5 to csv file
[2024-03-17T15:32:33.018+0000] {homie_ai.py:107} INFO - Finished writing page 6 to csv file
[2024-03-17T15:32:33.586+0000] {homie_ai.py:107} INFO - Finished writing page 7 to csv file
[2024-03-17T15:32:34.110+0000] {homie_ai.py:107} INFO - Finished writing page 8 to csv file
[2024-03-17T15:32:37.371+0000] {homie_ai.py:107} INFO - Finished writing page 2 to csv file
[2024-03-17T15:32:37.937+0000] {homie_ai.py:107} INFO - Finished writing page 3 to csv file
[2024-03-17T15:32:38.521+0000] {homie_ai.py:107} INFO - Finished writing page 4 to csv file
[2024-03-17T15:32:39.442+0000] {homie_ai.py:107} INFO - Finished writing page 5 to csv file
[2024-03-17T15:32:39.961+0000] {homie_ai.py:107} INFO - Finished writing page 6 to csv file
[2024-03-17T15:32:40.579+0000] {homie_ai.py:107} INFO - Finished writing page 7 to csv file
[2024-03-17T15:32:41.617+0000] {homie_ai.py:107} INFO - Finished writing page 8 to csv file
[2024-03-17T15:32:44.172+0000] {homie_ai.py:107} INFO - Finished writing page 2 to csv file
[2024-03-17T15:32:45.061+0000] {homie_ai.py:107} INFO - Finished writing page 3 to csv file
[2024-03-17T15:32:45.639+0000] {homie_ai.py:107} INFO - Finished writing page 4 to csv file
[2024-03-17T15:32:47.762+0000] {homie_ai.py:107} INFO - Finished writing page 2 to csv file
[2024-03-17T15:32:48.737+0000] {homie_ai.py:107} INFO - Finished writing page 3 to csv file
[2024-03-17T15:32:49.264+0000] {homie_ai.py:107} INFO - Finished writing page 4 to csv file
[2024-03-17T15:32:49.942+0000] {homie_ai.py:107} INFO - Finished writing page 5 to csv file
[2024-03-17T15:32:50.542+0000] {homie_ai.py:107} INFO - Finished writing page 6 to csv file
[2024-03-17T15:32:51.386+0000] {homie_ai.py:107} INFO - Finished writing page 7 to csv file
[2024-03-17T15:32:52.168+0000] {homie_ai.py:107} INFO - Finished writing page 8 to csv file
[2024-03-17T15:32:54.844+0000] {homie_ai.py:107} INFO - Finished writing page 2 to csv file
[2024-03-17T15:32:55.958+0000] {homie_ai.py:107} INFO - Finished writing page 3 to csv file
[2024-03-17T15:32:56.568+0000] {homie_ai.py:107} INFO - Finished writing page 4 to csv file
[2024-03-17T15:32:57.277+0000] {homie_ai.py:107} INFO - Finished writing page 5 to csv file
[2024-03-17T15:32:58.051+0000] {homie_ai.py:107} INFO - Finished writing page 6 to csv file
[2024-03-17T15:32:58.620+0000] {homie_ai.py:107} INFO - Finished writing page 7 to csv file
[2024-03-17T15:33:01.489+0000] {homie_ai.py:107} INFO - Finished writing page 2 to csv file
[2024-03-17T15:33:02.422+0000] {homie_ai.py:107} INFO - Finished writing page 3 to csv file
[2024-03-17T15:33:03.085+0000] {homie_ai.py:107} INFO - Finished writing page 4 to csv file
[2024-03-17T15:33:03.589+0000] {homie_ai.py:107} INFO - Finished writing page 5 to csv file
[2024-03-17T15:33:04.127+0000] {homie_ai.py:107} INFO - Finished writing page 6 to csv file
[2024-03-17T15:33:04.773+0000] {homie_ai.py:107} INFO - Finished writing page 7 to csv file
[2024-03-17T15:33:05.495+0000] {homie_ai.py:107} INFO - Finished writing page 8 to csv file
[2024-03-17T15:33:08.533+0000] {homie_ai.py:107} INFO - Finished writing page 2 to csv file
[2024-03-17T15:33:09.197+0000] {homie_ai.py:107} INFO - Finished writing page 3 to csv file
[2024-03-17T15:33:09.870+0000] {homie_ai.py:107} INFO - Finished writing page 4 to csv file
[2024-03-17T15:33:10.438+0000] {homie_ai.py:107} INFO - Finished writing page 5 to csv file
[2024-03-17T15:33:11.069+0000] {homie_ai.py:107} INFO - Finished writing page 6 to csv file
[2024-03-17T15:33:11.726+0000] {homie_ai.py:107} INFO - Finished writing page 7 to csv file
[2024-03-17T15:33:13.893+0000] {homie_ai.py:107} INFO - Finished writing page 2 to csv file
[2024-03-17T15:33:14.459+0000] {homie_ai.py:107} INFO - Finished writing page 3 to csv file
[2024-03-17T15:33:15.331+0000] {homie_ai.py:107} INFO - Finished writing page 4 to csv file
[2024-03-17T15:33:16.017+0000] {homie_ai.py:107} INFO - Finished writing page 5 to csv file
[2024-03-17T15:33:16.650+0000] {homie_ai.py:107} INFO - Finished writing page 6 to csv file
[2024-03-17T15:33:17.227+0000] {homie_ai.py:107} INFO - Finished writing page 7 to csv file
[2024-03-17T15:33:17.742+0000] {homie_ai.py:107} INFO - Finished writing page 8 to csv file
[2024-03-17T15:33:19.929+0000] {homie_ai.py:107} INFO - Finished writing page 2 to csv file
[2024-03-17T15:33:20.613+0000] {homie_ai.py:107} INFO - Finished writing page 3 to csv file
[2024-03-17T15:33:21.279+0000] {homie_ai.py:107} INFO - Finished writing page 4 to csv file
[2024-03-17T15:33:21.854+0000] {homie_ai.py:107} INFO - Finished writing page 5 to csv file
[2024-03-17T15:33:22.372+0000] {homie_ai.py:107} INFO - Finished writing page 6 to csv file
[2024-03-17T15:33:24.398+0000] {homie_ai.py:107} INFO - Finished writing page 2 to csv file
[2024-03-17T15:33:25.269+0000] {homie_ai.py:107} INFO - Finished writing page 3 to csv file
[2024-03-17T15:33:25.983+0000] {homie_ai.py:107} INFO - Finished writing page 4 to csv file
[2024-03-17T15:33:26.657+0000] {homie_ai.py:107} INFO - Finished writing page 5 to csv file
[2024-03-17T15:33:27.220+0000] {homie_ai.py:107} INFO - Finished writing page 6 to csv file
[2024-03-17T15:33:27.960+0000] {homie_ai.py:107} INFO - Finished writing page 7 to csv file
[2024-03-17T15:33:28.515+0000] {homie_ai.py:107} INFO - Finished writing page 8 to csv file
[2024-03-17T15:33:31.977+0000] {homie_ai.py:107} INFO - Finished writing page 2 to csv file
[2024-03-17T15:33:33.033+0000] {homie_ai.py:107} INFO - Finished writing page 3 to csv file
[2024-03-17T15:33:33.779+0000] {homie_ai.py:107} INFO - Finished writing page 4 to csv file
[2024-03-17T15:33:34.741+0000] {homie_ai.py:107} INFO - Finished writing page 5 to csv file
[2024-03-17T15:33:35.518+0000] {homie_ai.py:107} INFO - Finished writing page 6 to csv file
[2024-03-17T15:33:36.170+0000] {homie_ai.py:107} INFO - Finished writing page 7 to csv file
[2024-03-17T15:33:36.757+0000] {homie_ai.py:107} INFO - Finished writing page 8 to csv file
[2024-03-17T15:33:38.799+0000] {homie_ai.py:107} INFO - Finished writing page 2 to csv file
[2024-03-17T15:33:39.442+0000] {homie_ai.py:107} INFO - Finished writing page 3 to csv file
[2024-03-17T15:33:40.083+0000] {homie_ai.py:107} INFO - Finished writing page 4 to csv file
[2024-03-17T15:33:40.976+0000] {homie_ai.py:107} INFO - Finished writing page 5 to csv file
[2024-03-17T15:33:41.501+0000] {homie_ai.py:107} INFO - Finished writing page 6 to csv file
[2024-03-17T15:33:42.087+0000] {homie_ai.py:107} INFO - Finished writing page 7 to csv file
[2024-03-17T15:33:43.046+0000] {homie_ai.py:107} INFO - Finished writing page 8 to csv file
[2024-03-17T15:33:45.664+0000] {homie_ai.py:107} INFO - Finished writing page 2 to csv file
[2024-03-17T15:33:48.107+0000] {homie_ai.py:107} INFO - Finished writing page 2 to csv file
[2024-03-17T15:33:48.940+0000] {homie_ai.py:107} INFO - Finished writing page 3 to csv file
[2024-03-17T15:33:49.672+0000] {homie_ai.py:107} INFO - Finished writing page 4 to csv file
[2024-03-17T15:33:50.196+0000] {homie_ai.py:107} INFO - Finished writing page 5 to csv file
[2024-03-17T15:33:50.724+0000] {homie_ai.py:107} INFO - Finished writing page 6 to csv file
[2024-03-17T15:33:54.680+0000] {homie_ai.py:107} INFO - Finished writing page 2 to csv file
[2024-03-17T15:33:55.459+0000] {homie_ai.py:107} INFO - Finished writing page 3 to csv file
[2024-03-17T15:33:56.107+0000] {homie_ai.py:107} INFO - Finished writing page 4 to csv file
[2024-03-17T15:33:56.820+0000] {homie_ai.py:107} INFO - Finished writing page 5 to csv file
[2024-03-17T15:33:59.194+0000] {homie_ai.py:107} INFO - Finished writing page 2 to csv file
[2024-03-17T15:33:59.824+0000] {homie_ai.py:107} INFO - Finished writing page 3 to csv file
[2024-03-17T15:34:00.744+0000] {homie_ai.py:107} INFO - Finished writing page 4 to csv file
[2024-03-17T15:34:01.703+0000] {homie_ai.py:107} INFO - Finished writing page 5 to csv file
[2024-03-17T15:34:02.366+0000] {homie_ai.py:107} INFO - Finished writing page 6 to csv file
[2024-03-17T15:34:02.987+0000] {homie_ai.py:107} INFO - Finished writing page 7 to csv file
[2024-03-17T15:34:03.507+0000] {homie_ai.py:107} INFO - Finished writing page 8 to csv file
[2024-03-17T15:34:05.577+0000] {homie_ai.py:107} INFO - Finished writing page 2 to csv file
[2024-03-17T15:34:06.666+0000] {homie_ai.py:107} INFO - Finished writing page 3 to csv file
[2024-03-17T15:34:07.666+0000] {homie_ai.py:107} INFO - Finished writing page 4 to csv file
[2024-03-17T15:34:08.232+0000] {homie_ai.py:107} INFO - Finished writing page 5 to csv file
[2024-03-17T15:34:08.768+0000] {homie_ai.py:107} INFO - Finished writing page 6 to csv file
[2024-03-17T15:34:11.431+0000] {homie_ai.py:107} INFO - Finished writing page 2 to csv file
[2024-03-17T15:34:12.126+0000] {homie_ai.py:107} INFO - Finished writing page 3 to csv file
[2024-03-17T15:34:12.867+0000] {homie_ai.py:107} INFO - Finished writing page 4 to csv file
[2024-03-17T15:34:13.501+0000] {homie_ai.py:107} INFO - Finished writing page 5 to csv file
[2024-03-17T15:34:14.018+0000] {homie_ai.py:107} INFO - Finished writing page 6 to csv file
[2024-03-17T15:34:14.622+0000] {homie_ai.py:107} INFO - Finished writing page 7 to csv file
[2024-03-17T15:34:15.164+0000] {homie_ai.py:107} INFO - Finished writing page 8 to csv file
[2024-03-17T15:34:18.137+0000] {homie_ai.py:107} INFO - Finished writing page 2 to csv file
[2024-03-17T15:34:18.884+0000] {homie_ai.py:107} INFO - Finished writing page 3 to csv file
[2024-03-17T15:34:19.510+0000] {homie_ai.py:107} INFO - Finished writing page 4 to csv file
[2024-03-17T15:34:22.513+0000] {homie_ai.py:107} INFO - Finished writing page 2 to csv file
[2024-03-17T15:34:23.248+0000] {homie_ai.py:107} INFO - Finished writing page 3 to csv file
[2024-03-17T15:34:23.863+0000] {homie_ai.py:107} INFO - Finished writing page 4 to csv file
[2024-03-17T15:34:24.499+0000] {homie_ai.py:107} INFO - Finished writing page 5 to csv file
[2024-03-17T15:34:25.206+0000] {homie_ai.py:107} INFO - Finished writing page 6 to csv file
[2024-03-17T15:34:25.801+0000] {homie_ai.py:107} INFO - Finished writing page 7 to csv file
[2024-03-17T15:34:28.791+0000] {homie_ai.py:107} INFO - Finished writing page 2 to csv file
[2024-03-17T15:34:29.902+0000] {homie_ai.py:107} INFO - Finished writing page 3 to csv file
[2024-03-17T15:34:30.628+0000] {homie_ai.py:107} INFO - Finished writing page 4 to csv file
[2024-03-17T15:34:32.608+0000] {homie_ai.py:107} INFO - Finished writing page 2 to csv file
[2024-03-17T15:34:33.169+0000] {homie_ai.py:107} INFO - Finished writing page 3 to csv file
[2024-03-17T15:34:33.936+0000] {homie_ai.py:107} INFO - Finished writing page 4 to csv file
[2024-03-17T15:34:34.955+0000] {homie_ai.py:107} INFO - Finished writing page 5 to csv file
[2024-03-17T15:34:35.782+0000] {homie_ai.py:107} INFO - Finished writing page 6 to csv file
[2024-03-17T15:34:36.366+0000] {homie_ai.py:107} INFO - Finished writing page 7 to csv file
[2024-03-17T15:34:37.004+0000] {homie_ai.py:107} INFO - Finished writing page 8 to csv file
[2024-03-17T15:34:39.465+0000] {homie_ai.py:107} INFO - Finished writing page 2 to csv file
[2024-03-17T15:34:42.180+0000] {homie_ai.py:107} INFO - Finished writing page 2 to csv file
[2024-03-17T15:34:43.255+0000] {homie_ai.py:107} INFO - Finished writing page 3 to csv file
[2024-03-17T15:34:43.982+0000] {homie_ai.py:107} INFO - Finished writing page 4 to csv file
[2024-03-17T15:34:44.598+0000] {homie_ai.py:107} INFO - Finished writing page 5 to csv file
[2024-03-17T15:34:45.160+0000] {homie_ai.py:107} INFO - Finished writing page 6 to csv file
[2024-03-17T15:34:45.702+0000] {homie_ai.py:107} INFO - Finished writing page 7 to csv file
[2024-03-17T15:34:48.986+0000] {homie_ai.py:107} INFO - Finished writing page 2 to csv file
[2024-03-17T15:34:49.911+0000] {homie_ai.py:107} INFO - Finished writing page 3 to csv file
[2024-03-17T15:34:50.589+0000] {homie_ai.py:107} INFO - Finished writing page 4 to csv file
[2024-03-17T15:34:53.348+0000] {homie_ai.py:107} INFO - Finished writing page 2 to csv file
[2024-03-17T15:34:53.989+0000] {homie_ai.py:107} INFO - Finished writing page 3 to csv file
[2024-03-17T15:34:54.650+0000] {homie_ai.py:107} INFO - Finished writing page 4 to csv file
[2024-03-17T15:34:55.200+0000] {homie_ai.py:107} INFO - Finished writing page 5 to csv file
[2024-03-17T15:34:55.964+0000] {homie_ai.py:107} INFO - Finished writing page 6 to csv file
[2024-03-17T15:34:56.612+0000] {homie_ai.py:107} INFO - Finished writing page 7 to csv file
[2024-03-17T15:34:59.234+0000] {homie_ai.py:107} INFO - Finished writing page 2 to csv file
[2024-03-17T15:35:00.062+0000] {homie_ai.py:107} INFO - Finished writing page 3 to csv file
[2024-03-17T15:35:00.648+0000] {homie_ai.py:107} INFO - Finished writing page 4 to csv file
[2024-03-17T15:35:03.068+0000] {homie_ai.py:107} INFO - Finished writing page 2 to csv file
[2024-03-17T15:35:03.778+0000] {homie_ai.py:107} INFO - Finished writing page 3 to csv file
[2024-03-17T15:35:04.345+0000] {homie_ai.py:107} INFO - Finished writing page 4 to csv file
[2024-03-17T15:35:04.917+0000] {homie_ai.py:107} INFO - Finished writing page 5 to csv file
[2024-03-17T15:35:05.794+0000] {homie_ai.py:107} INFO - Finished writing page 6 to csv file
[2024-03-17T15:35:08.697+0000] {homie_ai.py:107} INFO - Finished writing page 2 to csv file
[2024-03-17T15:35:09.268+0000] {homie_ai.py:107} INFO - Finished writing page 3 to csv file
[2024-03-17T15:35:11.183+0000] {homie_ai.py:107} INFO - Finished writing page 2 to csv file
[2024-03-17T15:35:11.848+0000] {homie_ai.py:107} INFO - Finished writing page 3 to csv file
[2024-03-17T15:35:12.417+0000] {homie_ai.py:107} INFO - Finished writing page 4 to csv file
[2024-03-17T15:35:13.085+0000] {homie_ai.py:107} INFO - Finished writing page 5 to csv file
[2024-03-17T15:35:13.841+0000] {homie_ai.py:107} INFO - Finished writing page 6 to csv file
[2024-03-17T15:35:14.506+0000] {homie_ai.py:107} INFO - Finished writing page 7 to csv file
[2024-03-17T15:35:15.186+0000] {homie_ai.py:107} INFO - Finished writing page 8 to csv file
[2024-03-17T15:35:17.385+0000] {homie_ai.py:107} INFO - Finished writing page 2 to csv file
[2024-03-17T15:35:18.001+0000] {homie_ai.py:107} INFO - Finished writing page 3 to csv file
[2024-03-17T15:35:19.078+0000] {homie_ai.py:107} INFO - Finished writing page 4 to csv file
[2024-03-17T15:35:19.875+0000] {homie_ai.py:107} INFO - Finished writing page 5 to csv file
[2024-03-17T15:35:20.618+0000] {homie_ai.py:107} INFO - Finished writing page 6 to csv file
[2024-03-17T15:35:21.249+0000] {homie_ai.py:107} INFO - Finished writing page 7 to csv file
[2024-03-17T15:35:22.039+0000] {homie_ai.py:107} INFO - Finished writing page 8 to csv file
[2024-03-17T15:35:24.986+0000] {homie_ai.py:107} INFO - Finished writing page 2 to csv file
[2024-03-17T15:35:26.106+0000] {homie_ai.py:107} INFO - Finished writing page 3 to csv file
[2024-03-17T15:35:26.828+0000] {homie_ai.py:107} INFO - Finished writing page 4 to csv file
[2024-03-17T15:35:27.385+0000] {homie_ai.py:107} INFO - Finished writing page 5 to csv file
[2024-03-17T15:35:28.004+0000] {homie_ai.py:107} INFO - Finished writing page 6 to csv file
[2024-03-17T15:35:28.555+0000] {homie_ai.py:107} INFO - Finished writing page 7 to csv file
[2024-03-17T15:35:29.166+0000] {homie_ai.py:107} INFO - Finished writing page 8 to csv file
[2024-03-17T15:35:29.696+0000] {homie_ai.py:107} INFO - Finished writing page 9 to csv file
[2024-03-17T15:35:34.382+0000] {homie_ai.py:107} INFO - Finished writing page 2 to csv file
[2024-03-17T15:35:35.061+0000] {homie_ai.py:107} INFO - Finished writing page 3 to csv file
[2024-03-17T15:35:39.483+0000] {homie_ai.py:107} INFO - Finished writing page 2 to csv file
[2024-03-17T15:35:40.132+0000] {homie_ai.py:107} INFO - Finished writing page 3 to csv file
[2024-03-17T15:35:40.711+0000] {homie_ai.py:107} INFO - Finished writing page 4 to csv file
[2024-03-17T15:35:41.308+0000] {homie_ai.py:107} INFO - Finished writing page 5 to csv file
[2024-03-17T15:35:44.014+0000] {homie_ai.py:107} INFO - Finished writing page 2 to csv file
[2024-03-17T15:35:44.802+0000] {homie_ai.py:107} INFO - Finished writing page 3 to csv file
[2024-03-17T15:35:47.555+0000] {homie_ai.py:107} INFO - Finished writing page 2 to csv file
[2024-03-17T15:35:48.328+0000] {homie_ai.py:107} INFO - Finished writing page 3 to csv file
[2024-03-17T15:35:48.977+0000] {homie_ai.py:107} INFO - Finished writing page 4 to csv file
[2024-03-17T15:35:49.639+0000] {homie_ai.py:107} INFO - Finished writing page 5 to csv file
[2024-03-17T15:35:52.328+0000] {homie_ai.py:107} INFO - Finished writing page 2 to csv file
[2024-03-17T15:35:53.067+0000] {homie_ai.py:107} INFO - Finished writing page 3 to csv file
[2024-03-17T15:35:55.741+0000] {homie_ai.py:107} INFO - Finished writing page 2 to csv file
[2024-03-17T15:35:56.625+0000] {homie_ai.py:107} INFO - Finished writing page 3 to csv file
[2024-03-17T15:35:57.278+0000] {homie_ai.py:107} INFO - Finished writing page 4 to csv file
[2024-03-17T15:35:57.951+0000] {homie_ai.py:107} INFO - Finished writing page 5 to csv file
[2024-03-17T15:36:00.532+0000] {homie_ai.py:107} INFO - Finished writing page 2 to csv file
[2024-03-17T15:36:02.855+0000] {homie_ai.py:107} INFO - Finished writing page 2 to csv file
[2024-03-17T15:36:03.571+0000] {homie_ai.py:107} INFO - Finished writing page 3 to csv file
[2024-03-17T15:36:04.615+0000] {homie_ai.py:107} INFO - Finished writing page 4 to csv file
[2024-03-17T15:36:05.549+0000] {homie_ai.py:107} INFO - Finished writing page 5 to csv file
[2024-03-17T15:36:06.090+0000] {homie_ai.py:107} INFO - Finished writing page 6 to csv file
[2024-03-17T15:36:06.730+0000] {homie_ai.py:107} INFO - Finished writing page 7 to csv file
[2024-03-17T15:36:07.250+0000] {homie_ai.py:107} INFO - Finished writing page 8 to csv file
[2024-03-17T15:36:10.452+0000] {homie_ai.py:107} INFO - Finished writing page 2 to csv file
[2024-03-17T15:36:11.059+0000] {homie_ai.py:107} INFO - Finished writing page 3 to csv file
[2024-03-17T15:36:11.640+0000] {homie_ai.py:107} INFO - Finished writing page 4 to csv file
[2024-03-17T15:36:12.298+0000] {homie_ai.py:107} INFO - Finished writing page 5 to csv file
[2024-03-17T15:36:14.388+0000] {homie_ai.py:107} INFO - Finished writing page 2 to csv file
[2024-03-17T15:36:17.556+0000] {homie_ai.py:107} INFO - Finished writing page 2 to csv file
[2024-03-17T15:36:18.518+0000] {homie_ai.py:107} INFO - Finished writing page 3 to csv file
[2024-03-17T15:36:19.097+0000] {homie_ai.py:107} INFO - Finished writing page 4 to csv file
[2024-03-17T15:36:19.677+0000] {homie_ai.py:107} INFO - Finished writing page 5 to csv file
[2024-03-17T15:36:22.151+0000] {homie_ai.py:107} INFO - Finished writing page 2 to csv file
[2024-03-17T15:36:24.028+0000] {homie_ai.py:107} INFO - Finished writing page 2 to csv file
[2024-03-17T15:36:24.698+0000] {homie_ai.py:107} INFO - Finished writing page 3 to csv file
[2024-03-17T15:36:25.224+0000] {homie_ai.py:107} INFO - Finished writing page 4 to csv file
[2024-03-17T15:36:25.859+0000] {homie_ai.py:107} INFO - Finished writing page 5 to csv file
[2024-03-17T15:36:26.428+0000] {homie_ai.py:107} INFO - Finished writing page 6 to csv file
[2024-03-17T15:36:30.480+0000] {homie_ai.py:107} INFO - Finished writing page 2 to csv file
[2024-03-17T15:36:31.353+0000] {homie_ai.py:107} INFO - Finished writing page 3 to csv file
[2024-03-17T15:36:31.966+0000] {homie_ai.py:107} INFO - Finished writing page 4 to csv file
[2024-03-17T15:36:32.476+0000] {homie_ai.py:107} INFO - Finished writing page 5 to csv file
[2024-03-17T15:36:33.044+0000] {homie_ai.py:107} INFO - Finished writing page 6 to csv file
[2024-03-17T15:36:34.714+0000] {homie_ai.py:107} INFO - Finished writing page 2 to csv file
[2024-03-17T15:36:35.358+0000] {homie_ai.py:107} INFO - Finished writing page 3 to csv file
[2024-03-17T15:36:35.975+0000] {homie_ai.py:107} INFO - Finished writing page 4 to csv file
[2024-03-17T15:36:37.396+0000] {homie_ai.py:107} INFO - Finished writing page 2 to csv file
[2024-03-17T15:36:38.405+0000] {homie_ai.py:107} INFO - Finished writing page 3 to csv file
[2024-03-17T15:36:39.543+0000] {homie_ai.py:107} INFO - Finished writing page 4 to csv file
[2024-03-17T15:36:40.087+0000] {homie_ai.py:107} INFO - Finished writing page 5 to csv file
[2024-03-17T15:36:40.620+0000] {homie_ai.py:107} INFO - Finished writing page 6 to csv file
[2024-03-17T15:36:44.051+0000] {homie_ai.py:107} INFO - Finished writing page 2 to csv file
[2024-03-17T15:36:44.669+0000] {homie_ai.py:107} INFO - Finished writing page 3 to csv file
[2024-03-17T15:36:47.523+0000] {homie_ai.py:107} INFO - Finished writing page 2 to csv file
[2024-03-17T15:36:48.352+0000] {homie_ai.py:107} INFO - Finished writing page 3 to csv file
[2024-03-17T15:36:49.079+0000] {homie_ai.py:107} INFO - Finished writing page 4 to csv file
[2024-03-17T15:36:49.690+0000] {homie_ai.py:107} INFO - Finished writing page 5 to csv file
[2024-03-17T15:36:53.867+0000] {homie_ai.py:107} INFO - Finished writing page 2 to csv file
[2024-03-17T15:36:54.590+0000] {homie_ai.py:107} INFO - Finished writing page 3 to csv file
[2024-03-17T15:36:55.253+0000] {homie_ai.py:107} INFO - Finished writing page 4 to csv file
[2024-03-17T15:36:55.771+0000] {homie_ai.py:107} INFO - Finished writing page 5 to csv file
[2024-03-17T15:36:58.875+0000] {homie_ai.py:107} INFO - Finished writing page 2 to csv file
[2024-03-17T15:36:59.473+0000] {homie_ai.py:107} INFO - Finished writing page 3 to csv file
[2024-03-17T15:37:02.574+0000] {homie_ai.py:107} INFO - Finished writing page 2 to csv file
[2024-03-17T15:37:03.465+0000] {homie_ai.py:107} INFO - Finished writing page 3 to csv file
[2024-03-17T15:37:04.082+0000] {homie_ai.py:107} INFO - Finished writing page 4 to csv file
[2024-03-17T15:37:04.647+0000] {homie_ai.py:107} INFO - Finished writing page 5 to csv file
[2024-03-17T15:37:05.159+0000] {homie_ai.py:107} INFO - Finished writing page 6 to csv file
[2024-03-17T15:37:05.752+0000] {homie_ai.py:107} INFO - Finished writing page 7 to csv file
[2024-03-17T15:37:06.281+0000] {homie_ai.py:107} INFO - Finished writing page 8 to csv file
[2024-03-17T15:37:10.095+0000] {homie_ai.py:107} INFO - Finished writing page 2 to csv file
[2024-03-17T15:37:13.463+0000] {homie_ai.py:107} INFO - Finished writing page 2 to csv file
[2024-03-17T15:37:16.971+0000] {homie_ai.py:107} INFO - Finished writing page 2 to csv file
[2024-03-17T15:37:17.632+0000] {homie_ai.py:107} INFO - Finished writing page 3 to csv file
[2024-03-17T15:37:18.173+0000] {homie_ai.py:107} INFO - Finished writing page 4 to csv file
[2024-03-17T15:37:21.465+0000] {homie_ai.py:107} INFO - Finished writing page 2 to csv file
[2024-03-17T15:37:22.594+0000] {homie_ai.py:107} INFO - Finished writing page 3 to csv file
[2024-03-17T15:37:23.398+0000] {homie_ai.py:107} INFO - Finished writing page 4 to csv file
[2024-03-17T15:37:23.960+0000] {homie_ai.py:107} INFO - Finished writing page 5 to csv file
[2024-03-17T15:37:25.643+0000] {homie_ai.py:107} INFO - Finished writing page 2 to csv file
[2024-03-17T15:37:26.238+0000] {homie_ai.py:107} INFO - Finished writing page 3 to csv file
[2024-03-17T15:37:28.114+0000] {homie_ai.py:107} INFO - Finished writing page 2 to csv file
[2024-03-17T15:37:28.813+0000] {homie_ai.py:107} INFO - Finished writing page 3 to csv file
[2024-03-17T15:37:29.390+0000] {homie_ai.py:107} INFO - Finished writing page 4 to csv file
[2024-03-17T15:37:33.783+0000] {homie_ai.py:107} INFO - Finished writing page 2 to csv file
[2024-03-17T15:37:36.423+0000] {homie_ai.py:107} INFO - Finished writing page 2 to csv file
[2024-03-17T15:37:37.099+0000] {homie_ai.py:107} INFO - Finished writing page 3 to csv file
[2024-03-17T15:37:39.639+0000] {homie_ai.py:107} INFO - Finished writing page 2 to csv file
[2024-03-17T15:37:42.069+0000] {homie_ai.py:107} INFO - Finished writing page 2 to csv file
[2024-03-17T15:37:42.657+0000] {homie_ai.py:107} INFO - Finished writing page 3 to csv file
[2024-03-17T15:37:43.212+0000] {homie_ai.py:107} INFO - Finished writing page 4 to csv file
[2024-03-17T15:37:43.792+0000] {homie_ai.py:107} INFO - Finished writing page 5 to csv file
[2024-03-17T15:37:49.851+0000] {homie_ai.py:107} INFO - Finished writing page 2 to csv file
[2024-03-17T15:37:50.469+0000] {homie_ai.py:107} INFO - Finished writing page 3 to csv file
[2024-03-17T15:37:53.233+0000] {homie_ai.py:107} INFO - Finished writing page 2 to csv file
[2024-03-17T15:37:53.830+0000] {homie_ai.py:107} INFO - Finished writing page 3 to csv file
[2024-03-17T15:37:55.787+0000] {homie_ai.py:107} INFO - Finished writing page 2 to csv file
[2024-03-17T15:37:56.587+0000] {homie_ai.py:107} INFO - Finished writing page 3 to csv file
[2024-03-17T15:37:58.871+0000] {homie_ai.py:107} INFO - Finished writing page 2 to csv file
[2024-03-17T15:37:59.554+0000] {homie_ai.py:107} INFO - Finished writing page 3 to csv file
[2024-03-17T15:38:00.083+0000] {homie_ai.py:107} INFO - Finished writing page 4 to csv file
[2024-03-17T15:38:06.118+0000] {homie_ai.py:107} INFO - Finished writing page 2 to csv file
[2024-03-17T15:38:10.340+0000] {homie_ai.py:107} INFO - Finished writing page 2 to csv file
[2024-03-17T15:38:11.365+0000] {homie_ai.py:107} INFO - Finished writing page 3 to csv file
[2024-03-17T15:38:12.012+0000] {homie_ai.py:107} INFO - Finished writing page 4 to csv file
[2024-03-17T15:38:12.617+0000] {homie_ai.py:107} INFO - Finished writing page 5 to csv file
[2024-03-17T15:38:19.304+0000] {homie_ai.py:107} INFO - Finished writing page 2 to csv file
[2024-03-17T15:38:19.855+0000] {homie_ai.py:107} INFO - Finished writing page 3 to csv file
[2024-03-17T15:38:22.630+0000] {homie_ai.py:107} INFO - Finished writing page 2 to csv file
[2024-03-17T15:38:30.505+0000] {homie_ai.py:107} INFO - Finished writing page 2 to csv file
[2024-03-17T15:38:31.254+0000] {homie_ai.py:107} INFO - Finished writing page 3 to csv file
[2024-03-17T15:38:38.363+0000] {homie_ai.py:107} INFO - Finished writing page 2 to csv file
[2024-03-17T15:38:46.295+0000] {homie_ai.py:107} INFO - Finished writing page 2 to csv file
[2024-03-17T15:38:54.059+0000] {homie_ai.py:107} INFO - Finished writing page 2 to csv file
[2024-03-17T15:38:54.635+0000] {homie_ai.py:107} INFO - Finished writing page 3 to csv file
[2024-03-17T15:39:00.866+0000] {homie_ai.py:107} INFO - Finished writing page 2 to csv file
[2024-03-17T15:39:07.279+0000] {homie_ai.py:107} INFO - Finished writing page 2 to csv file
[2024-03-17T15:39:07.770+0000] {homie_ai.py:107} INFO - Finished writing page 3 to csv file
[2024-03-17T15:39:14.318+0000] {homie_ai.py:107} INFO - Finished writing page 2 to csv file
[2024-03-17T15:39:20.589+0000] {homie_ai.py:107} INFO - Finished writing page 2 to csv file[2024-03-17T15:50:15.262+0000] {python.py:194} INFO - Done. Returned value was: None
[2024-03-17T15:50:15.290+0000] {taskinstance.py:1400} INFO - Marking task as SUCCESS. dag_id=HOMIE_AI, task_id=scrape_immobiliare_data, execution_date=20240317T152547, start_date=20240317T152552, end_date=20240317T155015
[2024-03-17T15:50:15.411+0000] {local_task_job_runner.py:228} INFO - Task exited with return code 0
[2024-03-17T15:50:15.610+0000] {taskinstance.py:2778} INFO - 0 downstream tasks scheduled from follow-on schedule check
