[2024-05-11T08:23:30.508+0000] {taskinstance.py:1159} INFO - Dependencies all met for dep_context=non-requeueable deps ti=<TaskInstance: HOMIE_AI.scrape_immobiliare_data manual__2024-05-11T08:23:26.570947+00:00 [queued]>
[2024-05-11T08:23:30.532+0000] {taskinstance.py:1159} INFO - Dependencies all met for dep_context=requeueable deps ti=<TaskInstance: HOMIE_AI.scrape_immobiliare_data manual__2024-05-11T08:23:26.570947+00:00 [queued]>
[2024-05-11T08:23:30.535+0000] {taskinstance.py:1361} INFO - Starting attempt 1 of 1
[2024-05-11T08:23:30.588+0000] {taskinstance.py:1382} INFO - Executing <Task(PythonOperator): scrape_immobiliare_data> on 2024-05-11 08:23:26.570947+00:00
[2024-05-11T08:23:30.608+0000] {standard_task_runner.py:57} INFO - Started process 77 to run task
[2024-05-11T08:23:30.623+0000] {standard_task_runner.py:84} INFO - Running: ['***', 'tasks', 'run', 'HOMIE_AI', 'scrape_immobiliare_data', 'manual__2024-05-11T08:23:26.570947+00:00', '--job-id', '126', '--raw', '--subdir', 'DAGS_FOLDER/dag_aihome.py', '--cfg-path', '/tmp/tmp7aqyn3s1']
[2024-05-11T08:23:30.637+0000] {standard_task_runner.py:85} INFO - Job 126: Subtask scrape_immobiliare_data
[2024-05-11T08:23:30.773+0000] {task_command.py:416} INFO - Running <TaskInstance: HOMIE_AI.scrape_immobiliare_data manual__2024-05-11T08:23:26.570947+00:00 [running]> on host c7e9cfee29c4
[2024-05-11T08:23:30.919+0000] {taskinstance.py:1662} INFO - Exporting env vars: AIRFLOW_CTX_DAG_OWNER='***' AIRFLOW_CTX_DAG_ID='HOMIE_AI' AIRFLOW_CTX_TASK_ID='scrape_immobiliare_data' AIRFLOW_CTX_EXECUTION_DATE='2024-05-11T08:23:26.570947+00:00' AIRFLOW_CTX_TRY_NUMBER='1' AIRFLOW_CTX_DAG_RUN_ID='manual__2024-05-11T08:23:26.570947+00:00'
[2024-05-11T08:23:40.462+0000] {homie_ai.py:107} INFO - Finished writing page 2 to csv file
[2024-05-11T08:23:41.810+0000] {homie_ai.py:107} INFO - Finished writing page 2 to csv file
[2024-05-11T08:23:43.475+0000] {homie_ai.py:107} INFO - Finished writing page 2 to csv file
[2024-05-11T08:23:44.413+0000] {homie_ai.py:107} INFO - Finished writing page 3 to csv file
[2024-05-11T08:23:45.684+0000] {homie_ai.py:107} INFO - Finished writing page 2 to csv file
[2024-05-11T08:23:47.808+0000] {homie_ai.py:107} INFO - Finished writing page 2 to csv file
[2024-05-11T08:23:49.977+0000] {homie_ai.py:107} INFO - Finished writing page 2 to csv file
[2024-05-11T08:23:50.758+0000] {homie_ai.py:107} INFO - Finished writing page 3 to csv file
[2024-05-11T08:23:51.252+0000] {homie_ai.py:107} INFO - Finished writing page 4 to csv file
[2024-05-11T08:23:52.762+0000] {homie_ai.py:107} INFO - Finished writing page 2 to csv file
[2024-05-11T08:23:53.355+0000] {homie_ai.py:107} INFO - Finished writing page 3 to csv file
[2024-05-11T08:23:54.439+0000] {homie_ai.py:107} INFO - Finished writing page 2 to csv file
[2024-05-11T08:23:55.823+0000] {homie_ai.py:107} INFO - Finished writing page 2 to csv file
[2024-05-11T08:23:56.932+0000] {homie_ai.py:107} INFO - Finished writing page 2 to csv file
[2024-05-11T08:23:58.308+0000] {homie_ai.py:107} INFO - Finished writing page 2 to csv file
[2024-05-11T08:23:58.933+0000] {homie_ai.py:107} INFO - Finished writing page 3 to csv file
[2024-05-11T08:23:59.455+0000] {homie_ai.py:107} INFO - Finished writing page 4 to csv file
[2024-05-11T08:24:01.430+0000] {homie_ai.py:107} INFO - Finished writing page 2 to csv file
[2024-05-11T08:24:02.088+0000] {homie_ai.py:107} INFO - Finished writing page 3 to csv file
[2024-05-11T08:24:02.723+0000] {homie_ai.py:107} INFO - Finished writing page 4 to csv file
[2024-05-11T08:24:03.278+0000] {homie_ai.py:107} INFO - Finished writing page 5 to csv file
[2024-05-11T08:24:05.416+0000] {homie_ai.py:107} INFO - Finished writing page 2 to csv file
[2024-05-11T08:24:06.073+0000] {homie_ai.py:107} INFO - Finished writing page 3 to csv file
[2024-05-11T08:24:06.673+0000] {homie_ai.py:107} INFO - Finished writing page 4 to csv file
[2024-05-11T08:24:07.348+0000] {homie_ai.py:107} INFO - Finished writing page 5 to csv file
[2024-05-11T08:24:07.898+0000] {homie_ai.py:107} INFO - Finished writing page 6 to csv file
[2024-05-11T08:24:08.523+0000] {homie_ai.py:107} INFO - Finished writing page 7 to csv file
[2024-05-11T08:24:10.690+0000] {homie_ai.py:107} INFO - Finished writing page 2 to csv file
[2024-05-11T08:24:11.482+0000] {homie_ai.py:107} INFO - Finished writing page 3 to csv file
[2024-05-11T08:24:13.132+0000] {homie_ai.py:107} INFO - Finished writing page 2 to csv file
[2024-05-11T08:24:14.238+0000] {homie_ai.py:107} INFO - Finished writing page 3 to csv file
[2024-05-11T08:24:15.073+0000] {homie_ai.py:107} INFO - Finished writing page 4 to csv file
[2024-05-11T08:24:16.729+0000] {homie_ai.py:107} INFO - Finished writing page 2 to csv file
[2024-05-11T08:24:17.399+0000] {homie_ai.py:107} INFO - Finished writing page 3 to csv file
[2024-05-11T08:24:18.674+0000] {homie_ai.py:107} INFO - Finished writing page 4 to csv file
[2024-05-11T08:24:19.369+0000] {homie_ai.py:107} INFO - Finished writing page 5 to csv file
[2024-05-11T08:24:21.152+0000] {homie_ai.py:107} INFO - Finished writing page 2 to csv file
[2024-05-11T08:24:21.766+0000] {homie_ai.py:107} INFO - Finished writing page 3 to csv file
[2024-05-11T08:24:23.121+0000] {homie_ai.py:107} INFO - Finished writing page 2 to csv file
[2024-05-11T08:24:23.745+0000] {homie_ai.py:107} INFO - Finished writing page 3 to csv file
[2024-05-11T08:24:24.259+0000] {homie_ai.py:107} INFO - Finished writing page 4 to csv file
[2024-05-11T08:24:24.775+0000] {homie_ai.py:107} INFO - Finished writing page 5 to csv file
[2024-05-11T08:24:25.363+0000] {homie_ai.py:107} INFO - Finished writing page 6 to csv file
[2024-05-11T08:24:26.489+0000] {homie_ai.py:107} INFO - Finished writing page 7 to csv file
[2024-05-11T08:24:27.071+0000] {homie_ai.py:107} INFO - Finished writing page 8 to csv file
[2024-05-11T08:24:28.697+0000] {homie_ai.py:107} INFO - Finished writing page 2 to csv file
[2024-05-11T08:24:29.355+0000] {homie_ai.py:107} INFO - Finished writing page 3 to csv file
[2024-05-11T08:24:29.976+0000] {homie_ai.py:107} INFO - Finished writing page 4 to csv file
[2024-05-11T08:24:31.437+0000] {homie_ai.py:107} INFO - Finished writing page 2 to csv file
[2024-05-11T08:24:32.240+0000] {homie_ai.py:107} INFO - Finished writing page 3 to csv file
[2024-05-11T08:24:32.886+0000] {homie_ai.py:107} INFO - Finished writing page 4 to csv file
[2024-05-11T08:24:34.209+0000] {homie_ai.py:107} INFO - Finished writing page 2 to csv file
[2024-05-11T08:24:34.909+0000] {homie_ai.py:107} INFO - Finished writing page 3 to csv file
[2024-05-11T08:24:35.476+0000] {homie_ai.py:107} INFO - Finished writing page 4 to csv file
[2024-05-11T08:24:35.976+0000] {homie_ai.py:107} INFO - Finished writing page 5 to csv file
[2024-05-11T08:24:36.549+0000] {homie_ai.py:107} INFO - Finished writing page 6 to csv file
[2024-05-11T08:24:37.216+0000] {homie_ai.py:107} INFO - Finished writing page 7 to csv file
[2024-05-11T08:24:37.867+0000] {homie_ai.py:107} INFO - Finished writing page 8 to csv file
[2024-05-11T08:24:39.459+0000] {homie_ai.py:107} INFO - Finished writing page 2 to csv file
[2024-05-11T08:24:39.999+0000] {homie_ai.py:107} INFO - Finished writing page 3 to csv file
[2024-05-11T08:24:40.788+0000] {homie_ai.py:107} INFO - Finished writing page 4 to csv file
[2024-05-11T08:24:41.435+0000] {homie_ai.py:107} INFO - Finished writing page 5 to csv file
[2024-05-11T08:24:43.280+0000] {homie_ai.py:107} INFO - Finished writing page 2 to csv file
[2024-05-11T08:24:44.036+0000] {homie_ai.py:107} INFO - Finished writing page 3 to csv file
[2024-05-11T08:24:44.608+0000] {homie_ai.py:107} INFO - Finished writing page 4 to csv file
[2024-05-11T08:24:45.202+0000] {homie_ai.py:107} INFO - Finished writing page 5 to csv file
[2024-05-11T08:24:45.802+0000] {homie_ai.py:107} INFO - Finished writing page 6 to csv file
[2024-05-11T08:24:46.767+0000] {homie_ai.py:107} INFO - Finished writing page 7 to csv file
[2024-05-11T08:24:47.332+0000] {homie_ai.py:107} INFO - Finished writing page 8 to csv file
[2024-05-11T08:24:47.838+0000] {homie_ai.py:107} INFO - Finished writing page 9 to csv file
[2024-05-11T08:24:48.556+0000] {homie_ai.py:107} INFO - Finished writing page 10 to csv file
[2024-05-11T08:24:49.936+0000] {homie_ai.py:107} INFO - Finished writing page 2 to csv file
[2024-05-11T08:24:50.613+0000] {homie_ai.py:107} INFO - Finished writing page 3 to csv file
[2024-05-11T08:24:52.328+0000] {homie_ai.py:107} INFO - Finished writing page 2 to csv file
[2024-05-11T08:24:52.944+0000] {homie_ai.py:107} INFO - Finished writing page 3 to csv file
[2024-05-11T08:24:53.591+0000] {homie_ai.py:107} INFO - Finished writing page 4 to csv file
[2024-05-11T08:24:54.333+0000] {homie_ai.py:107} INFO - Finished writing page 5 to csv file
[2024-05-11T08:24:54.988+0000] {homie_ai.py:107} INFO - Finished writing page 6 to csv file
[2024-05-11T08:24:55.580+0000] {homie_ai.py:107} INFO - Finished writing page 7 to csv file
[2024-05-11T08:24:56.916+0000] {homie_ai.py:107} INFO - Finished writing page 2 to csv file
[2024-05-11T08:24:58.060+0000] {homie_ai.py:107} INFO - Finished writing page 3 to csv file
[2024-05-11T08:24:58.569+0000] {homie_ai.py:107} INFO - Finished writing page 4 to csv file
[2024-05-11T08:24:59.098+0000] {homie_ai.py:107} INFO - Finished writing page 5 to csv file
[2024-05-11T08:24:59.820+0000] {homie_ai.py:107} INFO - Finished writing page 6 to csv file
[2024-05-11T08:25:00.520+0000] {homie_ai.py:107} INFO - Finished writing page 7 to csv file
[2024-05-11T08:25:01.820+0000] {homie_ai.py:107} INFO - Finished writing page 2 to csv file
[2024-05-11T08:25:02.537+0000] {homie_ai.py:107} INFO - Finished writing page 3 to csv file
[2024-05-11T08:25:03.041+0000] {homie_ai.py:107} INFO - Finished writing page 4 to csv file
[2024-05-11T08:25:04.460+0000] {homie_ai.py:107} INFO - Finished writing page 2 to csv file
[2024-05-11T08:25:05.245+0000] {homie_ai.py:107} INFO - Finished writing page 3 to csv file
[2024-05-11T08:25:05.845+0000] {homie_ai.py:107} INFO - Finished writing page 4 to csv file
[2024-05-11T08:25:06.379+0000] {homie_ai.py:107} INFO - Finished writing page 5 to csv file
[2024-05-11T08:25:07.193+0000] {homie_ai.py:107} INFO - Finished writing page 6 to csv file
[2024-05-11T08:25:07.790+0000] {homie_ai.py:107} INFO - Finished writing page 7 to csv file
[2024-05-11T08:25:08.398+0000] {homie_ai.py:107} INFO - Finished writing page 8 to csv file
[2024-05-11T08:25:09.003+0000] {homie_ai.py:107} INFO - Finished writing page 9 to csv file
[2024-05-11T08:25:11.186+0000] {homie_ai.py:107} INFO - Finished writing page 2 to csv file
[2024-05-11T08:25:11.720+0000] {homie_ai.py:107} INFO - Finished writing page 3 to csv file
[2024-05-11T08:25:12.456+0000] {homie_ai.py:107} INFO - Finished writing page 4 to csv file
[2024-05-11T08:25:13.906+0000] {homie_ai.py:107} INFO - Finished writing page 2 to csv file
[2024-05-11T08:25:14.643+0000] {homie_ai.py:107} INFO - Finished writing page 3 to csv file
[2024-05-11T08:25:15.493+0000] {homie_ai.py:107} INFO - Finished writing page 4 to csv file
[2024-05-11T08:25:16.652+0000] {homie_ai.py:107} INFO - Finished writing page 5 to csv file
[2024-05-11T08:25:17.304+0000] {homie_ai.py:107} INFO - Finished writing page 6 to csv file
[2024-05-11T08:25:17.870+0000] {homie_ai.py:107} INFO - Finished writing page 7 to csv file
[2024-05-11T08:25:18.415+0000] {homie_ai.py:107} INFO - Finished writing page 8 to csv file
[2024-05-11T08:25:19.696+0000] {homie_ai.py:107} INFO - Finished writing page 2 to csv file
[2024-05-11T08:25:20.417+0000] {homie_ai.py:107} INFO - Finished writing page 3 to csv file
[2024-05-11T08:25:21.209+0000] {homie_ai.py:107} INFO - Finished writing page 4 to csv file
[2024-05-11T08:25:22.051+0000] {homie_ai.py:107} INFO - Finished writing page 5 to csv file
[2024-05-11T08:25:22.689+0000] {homie_ai.py:107} INFO - Finished writing page 6 to csv file
[2024-05-11T08:25:23.265+0000] {homie_ai.py:107} INFO - Finished writing page 7 to csv file
[2024-05-11T08:25:23.786+0000] {homie_ai.py:107} INFO - Finished writing page 8 to csv file
[2024-05-11T08:25:25.049+0000] {homie_ai.py:107} INFO - Finished writing page 2 to csv file
[2024-05-11T08:25:25.614+0000] {homie_ai.py:107} INFO - Finished writing page 3 to csv file
[2024-05-11T08:25:26.530+0000] {homie_ai.py:107} INFO - Finished writing page 4 to csv file
[2024-05-11T08:25:27.346+0000] {homie_ai.py:107} INFO - Finished writing page 5 to csv file
[2024-05-11T08:25:27.981+0000] {homie_ai.py:107} INFO - Finished writing page 6 to csv file
[2024-05-11T08:25:28.897+0000] {homie_ai.py:107} INFO - Finished writing page 7 to csv file
[2024-05-11T08:25:29.665+0000] {homie_ai.py:107} INFO - Finished writing page 8 to csv file
[2024-05-11T08:25:30.951+0000] {homie_ai.py:107} INFO - Finished writing page 2 to csv file
[2024-05-11T08:25:33.110+0000] {homie_ai.py:107} INFO - Finished writing page 2 to csv file
[2024-05-11T08:25:33.699+0000] {homie_ai.py:107} INFO - Finished writing page 3 to csv file
[2024-05-11T08:25:34.261+0000] {homie_ai.py:107} INFO - Finished writing page 4 to csv file
[2024-05-11T08:25:34.866+0000] {homie_ai.py:107} INFO - Finished writing page 5 to csv file
[2024-05-11T08:25:35.431+0000] {homie_ai.py:107} INFO - Finished writing page 6 to csv file
[2024-05-11T08:25:35.972+0000] {homie_ai.py:107} INFO - Finished writing page 7 to csv file
[2024-05-11T08:25:37.161+0000] {homie_ai.py:107} INFO - Finished writing page 2 to csv file
[2024-05-11T08:25:37.895+0000] {homie_ai.py:107} INFO - Finished writing page 3 to csv file
[2024-05-11T08:25:39.346+0000] {homie_ai.py:107} INFO - Finished writing page 4 to csv file
[2024-05-11T08:25:39.947+0000] {homie_ai.py:107} INFO - Finished writing page 5 to csv file
[2024-05-11T08:25:41.296+0000] {homie_ai.py:107} INFO - Finished writing page 2 to csv file
[2024-05-11T08:25:41.843+0000] {homie_ai.py:107} INFO - Finished writing page 3 to csv file
[2024-05-11T08:25:42.511+0000] {homie_ai.py:107} INFO - Finished writing page 4 to csv file
[2024-05-11T08:25:43.263+0000] {homie_ai.py:107} INFO - Finished writing page 5 to csv file
[2024-05-11T08:25:43.900+0000] {homie_ai.py:107} INFO - Finished writing page 6 to csv file
[2024-05-11T08:25:44.495+0000] {homie_ai.py:107} INFO - Finished writing page 7 to csv file
[2024-05-11T08:25:44.999+0000] {homie_ai.py:107} INFO - Finished writing page 8 to csv file
[2024-05-11T08:25:46.879+0000] {homie_ai.py:107} INFO - Finished writing page 2 to csv file
[2024-05-11T08:25:48.100+0000] {homie_ai.py:107} INFO - Finished writing page 2 to csv file
[2024-05-11T08:25:49.258+0000] {homie_ai.py:107} INFO - Finished writing page 3 to csv file
[2024-05-11T08:25:50.660+0000] {homie_ai.py:107} INFO - Finished writing page 2 to csv file
[2024-05-11T08:25:51.573+0000] {homie_ai.py:107} INFO - Finished writing page 3 to csv file
[2024-05-11T08:25:52.192+0000] {homie_ai.py:107} INFO - Finished writing page 4 to csv file
[2024-05-11T08:25:52.907+0000] {homie_ai.py:107} INFO - Finished writing page 5 to csv file
[2024-05-11T08:25:53.585+0000] {homie_ai.py:107} INFO - Finished writing page 6 to csv file
[2024-05-11T08:25:54.124+0000] {homie_ai.py:107} INFO - Finished writing page 7 to csv file
[2024-05-11T08:25:54.825+0000] {homie_ai.py:107} INFO - Finished writing page 8 to csv file
[2024-05-11T08:25:55.397+0000] {homie_ai.py:107} INFO - Finished writing page 9 to csv file
[2024-05-11T08:25:57.116+0000] {homie_ai.py:107} INFO - Finished writing page 2 to csv file
[2024-05-11T08:25:57.665+0000] {homie_ai.py:107} INFO - Finished writing page 3 to csv file
[2024-05-11T08:25:58.448+0000] {homie_ai.py:107} INFO - Finished writing page 4 to csv file
[2024-05-11T08:25:59.078+0000] {homie_ai.py:107} INFO - Finished writing page 5 to csv file
[2024-05-11T08:26:01.029+0000] {homie_ai.py:107} INFO - Finished writing page 2 to csv file
[2024-05-11T08:26:01.799+0000] {homie_ai.py:107} INFO - Finished writing page 3 to csv file
[2024-05-11T08:26:02.349+0000] {homie_ai.py:107} INFO - Finished writing page 4 to csv file
[2024-05-11T08:26:02.861+0000] {homie_ai.py:107} INFO - Finished writing page 5 to csv file
[2024-05-11T08:26:03.399+0000] {homie_ai.py:107} INFO - Finished writing page 6 to csv file
[2024-05-11T08:26:03.982+0000] {homie_ai.py:107} INFO - Finished writing page 7 to csv file
[2024-05-11T08:26:04.739+0000] {homie_ai.py:107} INFO - Finished writing page 8 to csv file
[2024-05-11T08:26:06.894+0000] {homie_ai.py:107} INFO - Finished writing page 2 to csv file
[2024-05-11T08:26:08.516+0000] {homie_ai.py:107} INFO - Finished writing page 2 to csv file
[2024-05-11T08:26:09.061+0000] {homie_ai.py:107} INFO - Finished writing page 3 to csv file
[2024-05-11T08:26:10.435+0000] {homie_ai.py:107} INFO - Finished writing page 2 to csv file
[2024-05-11T08:26:11.222+0000] {homie_ai.py:107} INFO - Finished writing page 3 to csv file
[2024-05-11T08:26:12.021+0000] {homie_ai.py:107} INFO - Finished writing page 4 to csv file
[2024-05-11T08:26:12.649+0000] {homie_ai.py:107} INFO - Finished writing page 5 to csv file
[2024-05-11T08:26:13.308+0000] {homie_ai.py:107} INFO - Finished writing page 6 to csv file
[2024-05-11T08:26:13.854+0000] {homie_ai.py:107} INFO - Finished writing page 7 to csv file
[2024-05-11T08:26:14.470+0000] {homie_ai.py:107} INFO - Finished writing page 8 to csv file
[2024-05-11T08:26:15.739+0000] {homie_ai.py:107} INFO - Finished writing page 2 to csv file
[2024-05-11T08:26:16.559+0000] {homie_ai.py:107} INFO - Finished writing page 3 to csv file
[2024-05-11T08:26:17.140+0000] {homie_ai.py:107} INFO - Finished writing page 4 to csv file
[2024-05-11T08:26:17.685+0000] {homie_ai.py:107} INFO - Finished writing page 5 to csv file
[2024-05-11T08:26:18.242+0000] {homie_ai.py:107} INFO - Finished writing page 6 to csv file
[2024-05-11T08:26:19.907+0000] {homie_ai.py:107} INFO - Finished writing page 2 to csv file
[2024-05-11T08:26:20.449+0000] {homie_ai.py:107} INFO - Finished writing page 3 to csv file
[2024-05-11T08:26:21.032+0000] {homie_ai.py:107} INFO - Finished writing page 4 to csv file
[2024-05-11T08:26:21.833+0000] {homie_ai.py:107} INFO - Finished writing page 5 to csv file
[2024-05-11T08:26:22.342+0000] {homie_ai.py:107} INFO - Finished writing page 6 to csv file
[2024-05-11T08:26:22.891+0000] {homie_ai.py:107} INFO - Finished writing page 7 to csv file
[2024-05-11T08:26:23.463+0000] {homie_ai.py:107} INFO - Finished writing page 8 to csv file
[2024-05-11T08:26:25.158+0000] {homie_ai.py:107} INFO - Finished writing page 2 to csv file
[2024-05-11T08:26:25.720+0000] {homie_ai.py:107} INFO - Finished writing page 3 to csv file
[2024-05-11T08:26:27.009+0000] {homie_ai.py:107} INFO - Finished writing page 2 to csv file
[2024-05-11T08:26:27.716+0000] {homie_ai.py:107} INFO - Finished writing page 3 to csv file
[2024-05-11T08:26:29.622+0000] {homie_ai.py:107} INFO - Finished writing page 2 to csv file
[2024-05-11T08:26:30.241+0000] {homie_ai.py:107} INFO - Finished writing page 3 to csv file
[2024-05-11T08:26:30.857+0000] {homie_ai.py:107} INFO - Finished writing page 4 to csv file
[2024-05-11T08:26:31.536+0000] {homie_ai.py:107} INFO - Finished writing page 5 to csv file
[2024-05-11T08:26:32.181+0000] {homie_ai.py:107} INFO - Finished writing page 6 to csv file
[2024-05-11T08:26:32.678+0000] {homie_ai.py:107} INFO - Finished writing page 7 to csv file
[2024-05-11T08:26:33.306+0000] {homie_ai.py:107} INFO - Finished writing page 8 to csv file
[2024-05-11T08:26:34.718+0000] {homie_ai.py:107} INFO - Finished writing page 2 to csv file
[2024-05-11T08:26:35.201+0000] {homie_ai.py:107} INFO - Finished writing page 3 to csv file
[2024-05-11T08:26:35.736+0000] {homie_ai.py:107} INFO - Finished writing page 4 to csv file
[2024-05-11T08:26:36.418+0000] {homie_ai.py:107} INFO - Finished writing page 5 to csv file
[2024-05-11T08:26:37.909+0000] {homie_ai.py:107} INFO - Finished writing page 2 to csv file
[2024-05-11T08:26:38.484+0000] {homie_ai.py:107} INFO - Finished writing page 3 to csv file
[2024-05-11T08:26:39.035+0000] {homie_ai.py:107} INFO - Finished writing page 4 to csv file
[2024-05-11T08:26:39.553+0000] {homie_ai.py:107} INFO - Finished writing page 5 to csv file
[2024-05-11T08:26:40.224+0000] {homie_ai.py:107} INFO - Finished writing page 6 to csv file
[2024-05-11T08:26:40.778+0000] {homie_ai.py:107} INFO - Finished writing page 7 to csv file
[2024-05-11T08:26:41.629+0000] {homie_ai.py:107} INFO - Finished writing page 8 to csv file
[2024-05-11T08:26:43.657+0000] {homie_ai.py:107} INFO - Finished writing page 2 to csv file
[2024-05-11T08:26:45.520+0000] {homie_ai.py:107} INFO - Finished writing page 2 to csv file
[2024-05-11T08:26:46.075+0000] {homie_ai.py:107} INFO - Finished writing page 3 to csv file
[2024-05-11T08:26:47.331+0000] {homie_ai.py:107} INFO - Finished writing page 4 to csv file
[2024-05-11T08:26:49.324+0000] {homie_ai.py:107} INFO - Finished writing page 2 to csv file
[2024-05-11T08:26:50.108+0000] {homie_ai.py:107} INFO - Finished writing page 3 to csv file
[2024-05-11T08:26:50.917+0000] {homie_ai.py:107} INFO - Finished writing page 4 to csv file
[2024-05-11T08:26:51.619+0000] {homie_ai.py:107} INFO - Finished writing page 5 to csv file
[2024-05-11T08:26:52.281+0000] {homie_ai.py:107} INFO - Finished writing page 6 to csv file
[2024-05-11T08:26:52.804+0000] {homie_ai.py:107} INFO - Finished writing page 7 to csv file
[2024-05-11T08:26:53.338+0000] {homie_ai.py:107} INFO - Finished writing page 8 to csv file
[2024-05-11T08:26:53.987+0000] {homie_ai.py:107} INFO - Finished writing page 9 to csv file
[2024-05-11T08:26:54.780+0000] {homie_ai.py:107} INFO - Finished writing page 10 to csv file
[2024-05-11T08:26:56.546+0000] {homie_ai.py:107} INFO - Finished writing page 2 to csv file
[2024-05-11T08:26:57.039+0000] {homie_ai.py:107} INFO - Finished writing page 3 to csv file
[2024-05-11T08:26:57.800+0000] {homie_ai.py:107} INFO - Finished writing page 4 to csv file
[2024-05-11T08:26:59.708+0000] {homie_ai.py:107} INFO - Finished writing page 2 to csv file
[2024-05-11T08:27:00.262+0000] {homie_ai.py:107} INFO - Finished writing page 3 to csv file
[2024-05-11T08:27:01.302+0000] {homie_ai.py:107} INFO - Finished writing page 4 to csv file
[2024-05-11T08:27:02.011+0000] {homie_ai.py:107} INFO - Finished writing page 5 to csv file
[2024-05-11T08:27:02.627+0000] {homie_ai.py:107} INFO - Finished writing page 6 to csv file
[2024-05-11T08:27:03.217+0000] {homie_ai.py:107} INFO - Finished writing page 7 to csv file
[2024-05-11T08:27:03.977+0000] {homie_ai.py:107} INFO - Finished writing page 8 to csv file
[2024-05-11T08:27:06.130+0000] {homie_ai.py:107} INFO - Finished writing page 2 to csv file
[2024-05-11T08:27:07.550+0000] {homie_ai.py:107} INFO - Finished writing page 2 to csv file
[2024-05-11T08:27:08.127+0000] {homie_ai.py:107} INFO - Finished writing page 3 to csv file
[2024-05-11T08:27:08.764+0000] {homie_ai.py:107} INFO - Finished writing page 4 to csv file
[2024-05-11T08:27:09.339+0000] {homie_ai.py:107} INFO - Finished writing page 5 to csv file
[2024-05-11T08:27:10.050+0000] {homie_ai.py:107} INFO - Finished writing page 6 to csv file
[2024-05-11T08:27:10.610+0000] {homie_ai.py:107} INFO - Finished writing page 7 to csv file
[2024-05-11T08:27:11.146+0000] {homie_ai.py:107} INFO - Finished writing page 8 to csv file
[2024-05-11T08:27:11.942+0000] {homie_ai.py:107} INFO - Finished writing page 9 to csv file
[2024-05-11T08:27:12.641+0000] {homie_ai.py:107} INFO - Finished writing page 10 to csv file
[2024-05-11T08:27:13.992+0000] {homie_ai.py:107} INFO - Finished writing page 2 to csv file
[2024-05-11T08:27:14.739+0000] {homie_ai.py:107} INFO - Finished writing page 3 to csv file
[2024-05-11T08:27:15.508+0000] {homie_ai.py:107} INFO - Finished writing page 4 to csv file
[2024-05-11T08:27:16.182+0000] {homie_ai.py:107} INFO - Finished writing page 5 to csv file
[2024-05-11T08:27:17.522+0000] {homie_ai.py:107} INFO - Finished writing page 2 to csv file
[2024-05-11T08:27:18.148+0000] {homie_ai.py:107} INFO - Finished writing page 3 to csv file
[2024-05-11T08:27:19.028+0000] {homie_ai.py:107} INFO - Finished writing page 4 to csv file
[2024-05-11T08:27:19.576+0000] {homie_ai.py:107} INFO - Finished writing page 5 to csv file
[2024-05-11T08:27:20.300+0000] {homie_ai.py:107} INFO - Finished writing page 6 to csv file
[2024-05-11T08:27:20.860+0000] {homie_ai.py:107} INFO - Finished writing page 7 to csv file
[2024-05-11T08:27:21.445+0000] {homie_ai.py:107} INFO - Finished writing page 8 to csv file
[2024-05-11T08:27:23.477+0000] {homie_ai.py:107} INFO - Finished writing page 2 to csv file
[2024-05-11T08:27:24.701+0000] {homie_ai.py:107} INFO - Finished writing page 2 to csv file
[2024-05-11T08:27:25.409+0000] {homie_ai.py:107} INFO - Finished writing page 3 to csv file
[2024-05-11T08:27:25.987+0000] {homie_ai.py:107} INFO - Finished writing page 4 to csv file
[2024-05-11T08:27:26.533+0000] {homie_ai.py:107} INFO - Finished writing page 5 to csv file
[2024-05-11T08:27:27.159+0000] {homie_ai.py:107} INFO - Finished writing page 6 to csv file
[2024-05-11T08:27:27.707+0000] {homie_ai.py:107} INFO - Finished writing page 7 to csv file
[2024-05-11T08:27:28.303+0000] {homie_ai.py:107} INFO - Finished writing page 8 to csv file
[2024-05-11T08:27:29.691+0000] {homie_ai.py:107} INFO - Finished writing page 2 to csv file
[2024-05-11T08:27:30.300+0000] {homie_ai.py:107} INFO - Finished writing page 3 to csv file
[2024-05-11T08:27:31.209+0000] {homie_ai.py:107} INFO - Finished writing page 4 to csv file
[2024-05-11T08:27:31.767+0000] {homie_ai.py:107} INFO - Finished writing page 5 to csv file
[2024-05-11T08:27:33.266+0000] {homie_ai.py:107} INFO - Finished writing page 2 to csv file
[2024-05-11T08:27:33.837+0000] {homie_ai.py:107} INFO - Finished writing page 3 to csv file
[2024-05-11T08:27:34.394+0000] {homie_ai.py:107} INFO - Finished writing page 4 to csv file
[2024-05-11T08:27:35.024+0000] {homie_ai.py:107} INFO - Finished writing page 5 to csv file
[2024-05-11T08:27:35.561+0000] {homie_ai.py:107} INFO - Finished writing page 6 to csv file
[2024-05-11T08:27:36.240+0000] {homie_ai.py:107} INFO - Finished writing page 7 to csv file
[2024-05-11T08:27:36.769+0000] {homie_ai.py:107} INFO - Finished writing page 8 to csv file
[2024-05-11T08:27:38.248+0000] {homie_ai.py:107} INFO - Finished writing page 2 to csv file
[2024-05-11T08:27:41.020+0000] {homie_ai.py:107} INFO - Finished writing page 2 to csv file
[2024-05-11T08:27:41.561+0000] {homie_ai.py:107} INFO - Finished writing page 3 to csv file
[2024-05-11T08:27:43.204+0000] {homie_ai.py:107} INFO - Finished writing page 2 to csv file
[2024-05-11T08:27:43.763+0000] {homie_ai.py:107} INFO - Finished writing page 3 to csv file
[2024-05-11T08:27:44.343+0000] {homie_ai.py:107} INFO - Finished writing page 4 to csv file
[2024-05-11T08:27:45.001+0000] {homie_ai.py:107} INFO - Finished writing page 5 to csv file
[2024-05-11T08:27:45.573+0000] {homie_ai.py:107} INFO - Finished writing page 6 to csv file
[2024-05-11T08:27:46.325+0000] {homie_ai.py:107} INFO - Finished writing page 7 to csv file
[2024-05-11T08:27:46.979+0000] {homie_ai.py:107} INFO - Finished writing page 8 to csv file
[2024-05-11T08:27:48.583+0000] {homie_ai.py:107} INFO - Finished writing page 2 to csv file
[2024-05-11T08:27:49.163+0000] {homie_ai.py:107} INFO - Finished writing page 3 to csv file
[2024-05-11T08:27:49.859+0000] {homie_ai.py:107} INFO - Finished writing page 4 to csv file
[2024-05-11T08:27:50.388+0000] {homie_ai.py:107} INFO - Finished writing page 5 to csv file
[2024-05-11T08:27:52.421+0000] {homie_ai.py:107} INFO - Finished writing page 2 to csv file
[2024-05-11T08:27:53.068+0000] {homie_ai.py:107} INFO - Finished writing page 3 to csv file
[2024-05-11T08:27:53.639+0000] {homie_ai.py:107} INFO - Finished writing page 4 to csv file
[2024-05-11T08:27:54.338+0000] {homie_ai.py:107} INFO - Finished writing page 5 to csv file
[2024-05-11T08:27:54.980+0000] {homie_ai.py:107} INFO - Finished writing page 6 to csv file
[2024-05-11T08:27:55.520+0000] {homie_ai.py:107} INFO - Finished writing page 7 to csv file
[2024-05-11T08:27:56.151+0000] {homie_ai.py:107} INFO - Finished writing page 8 to csv file
[2024-05-11T08:27:58.848+0000] {homie_ai.py:107} INFO - Finished writing page 2 to csv file
[2024-05-11T08:28:01.655+0000] {homie_ai.py:107} INFO - Finished writing page 2 to csv file
[2024-05-11T08:28:02.234+0000] {homie_ai.py:107} INFO - Finished writing page 3 to csv file
[2024-05-11T08:28:03.290+0000] {homie_ai.py:107} INFO - Finished writing page 4 to csv file
[2024-05-11T08:28:04.034+0000] {homie_ai.py:107} INFO - Finished writing page 5 to csv file
[2024-05-11T08:28:05.271+0000] {homie_ai.py:107} INFO - Finished writing page 6 to csv file
[2024-05-11T08:28:05.872+0000] {homie_ai.py:107} INFO - Finished writing page 7 to csv file
[2024-05-11T08:28:06.542+0000] {homie_ai.py:107} INFO - Finished writing page 8 to csv file
[2024-05-11T08:28:08.074+0000] {homie_ai.py:107} INFO - Finished writing page 2 to csv file
[2024-05-11T08:28:08.673+0000] {homie_ai.py:107} INFO - Finished writing page 3 to csv file
[2024-05-11T08:28:09.421+0000] {homie_ai.py:107} INFO - Finished writing page 4 to csv file
[2024-05-11T08:28:11.147+0000] {homie_ai.py:107} INFO - Finished writing page 2 to csv file
[2024-05-11T08:28:11.709+0000] {homie_ai.py:107} INFO - Finished writing page 3 to csv file
[2024-05-11T08:28:12.240+0000] {homie_ai.py:107} INFO - Finished writing page 4 to csv file
[2024-05-11T08:28:12.829+0000] {homie_ai.py:107} INFO - Finished writing page 5 to csv file
[2024-05-11T08:28:13.479+0000] {homie_ai.py:107} INFO - Finished writing page 6 to csv file
[2024-05-11T08:28:14.453+0000] {homie_ai.py:107} INFO - Finished writing page 7 to csv file
[2024-05-11T08:28:15.233+0000] {homie_ai.py:107} INFO - Finished writing page 8 to csv file
[2024-05-11T08:28:19.772+0000] {homie_ai.py:107} INFO - Finished writing page 2 to csv file
[2024-05-11T08:28:21.019+0000] {homie_ai.py:107} INFO - Finished writing page 3 to csv file
[2024-05-11T08:28:21.742+0000] {homie_ai.py:107} INFO - Finished writing page 4 to csv file
[2024-05-11T08:28:22.312+0000] {homie_ai.py:107} INFO - Finished writing page 5 to csv file
[2024-05-11T08:28:22.888+0000] {homie_ai.py:107} INFO - Finished writing page 6 to csv file
[2024-05-11T08:28:23.821+0000] {homie_ai.py:107} INFO - Finished writing page 7 to csv file
[2024-05-11T08:28:24.366+0000] {homie_ai.py:107} INFO - Finished writing page 8 to csv file
[2024-05-11T08:28:25.928+0000] {homie_ai.py:107} INFO - Finished writing page 2 to csv file
[2024-05-11T08:28:27.013+0000] {homie_ai.py:107} INFO - Finished writing page 3 to csv file
[2024-05-11T08:28:28.150+0000] {homie_ai.py:107} INFO - Finished writing page 4 to csv file
[2024-05-11T08:28:28.701+0000] {homie_ai.py:107} INFO - Finished writing page 5 to csv file
[2024-05-11T08:28:29.269+0000] {homie_ai.py:107} INFO - Finished writing page 6 to csv file
[2024-05-11T08:28:29.955+0000] {homie_ai.py:107} INFO - Finished writing page 7 to csv file
[2024-05-11T08:28:32.278+0000] {homie_ai.py:107} INFO - Finished writing page 2 to csv file
[2024-05-11T08:28:33.175+0000] {homie_ai.py:107} INFO - Finished writing page 3 to csv file
[2024-05-11T08:28:33.782+0000] {homie_ai.py:107} INFO - Finished writing page 4 to csv file
[2024-05-11T08:28:34.403+0000] {homie_ai.py:107} INFO - Finished writing page 5 to csv file
[2024-05-11T08:28:35.185+0000] {homie_ai.py:107} INFO - Finished writing page 6 to csv file
[2024-05-11T08:28:35.700+0000] {homie_ai.py:107} INFO - Finished writing page 7 to csv file
[2024-05-11T08:28:36.333+0000] {homie_ai.py:107} INFO - Finished writing page 8 to csv file
[2024-05-11T08:28:38.840+0000] {homie_ai.py:107} INFO - Finished writing page 2 to csv file
[2024-05-11T08:28:41.197+0000] {homie_ai.py:107} INFO - Finished writing page 2 to csv file
[2024-05-11T08:28:41.718+0000] {homie_ai.py:107} INFO - Finished writing page 3 to csv file
[2024-05-11T08:28:42.279+0000] {homie_ai.py:107} INFO - Finished writing page 4 to csv file
[2024-05-11T08:28:43.173+0000] {homie_ai.py:107} INFO - Finished writing page 5 to csv file
[2024-05-11T08:28:43.775+0000] {homie_ai.py:107} INFO - Finished writing page 6 to csv file
[2024-05-11T08:28:46.029+0000] {homie_ai.py:107} INFO - Finished writing page 2 to csv file
[2024-05-11T08:28:48.091+0000] {homie_ai.py:107} INFO - Finished writing page 2 to csv file
[2024-05-11T08:28:49.540+0000] {homie_ai.py:107} INFO - Finished writing page 3 to csv file
[2024-05-11T08:28:50.121+0000] {homie_ai.py:107} INFO - Finished writing page 4 to csv file
[2024-05-11T08:28:52.272+0000] {homie_ai.py:107} INFO - Finished writing page 5 to csv file
[2024-05-11T08:28:53.212+0000] {homie_ai.py:107} INFO - Finished writing page 6 to csv file
[2024-05-11T08:28:54.116+0000] {homie_ai.py:107} INFO - Finished writing page 7 to csv file
[2024-05-11T08:28:54.782+0000] {homie_ai.py:107} INFO - Finished writing page 8 to csv file
[2024-05-11T08:29:00.050+0000] {homie_ai.py:107} INFO - Finished writing page 2 to csv file
[2024-05-11T08:29:01.213+0000] {homie_ai.py:107} INFO - Finished writing page 3 to csv file
[2024-05-11T08:29:01.801+0000] {homie_ai.py:107} INFO - Finished writing page 4 to csv file
[2024-05-11T08:29:02.373+0000] {homie_ai.py:107} INFO - Finished writing page 5 to csv file
[2024-05-11T08:29:02.983+0000] {homie_ai.py:107} INFO - Finished writing page 6 to csv file
[2024-05-11T08:29:03.611+0000] {homie_ai.py:107} INFO - Finished writing page 7 to csv file
[2024-05-11T08:29:04.197+0000] {homie_ai.py:107} INFO - Finished writing page 8 to csv file
[2024-05-11T08:29:06.033+0000] {homie_ai.py:107} INFO - Finished writing page 2 to csv file
[2024-05-11T08:29:06.904+0000] {homie_ai.py:107} INFO - Finished writing page 3 to csv file
[2024-05-11T08:29:09.650+0000] {homie_ai.py:107} INFO - Finished writing page 2 to csv file
[2024-05-11T08:29:10.412+0000] {homie_ai.py:107} INFO - Finished writing page 3 to csv file
[2024-05-11T08:29:11.500+0000] {homie_ai.py:107} INFO - Finished writing page 4 to csv file
[2024-05-11T08:29:12.064+0000] {homie_ai.py:107} INFO - Finished writing page 5 to csv file
[2024-05-11T08:29:12.972+0000] {homie_ai.py:107} INFO - Finished writing page 6 to csv file
[2024-05-11T08:29:13.839+0000] {homie_ai.py:107} INFO - Finished writing page 7 to csv file
[2024-05-11T08:29:14.426+0000] {homie_ai.py:107} INFO - Finished writing page 8 to csv file
[2024-05-11T08:29:18.103+0000] {homie_ai.py:107} INFO - Finished writing page 2 to csv file
[2024-05-11T08:29:18.695+0000] {homie_ai.py:107} INFO - Finished writing page 3 to csv file
[2024-05-11T08:29:19.765+0000] {homie_ai.py:107} INFO - Finished writing page 4 to csv file
[2024-05-11T08:29:20.582+0000] {homie_ai.py:107} INFO - Finished writing page 5 to csv file
[2024-05-11T08:29:21.297+0000] {homie_ai.py:107} INFO - Finished writing page 6 to csv file
[2024-05-11T08:29:21.880+0000] {homie_ai.py:107} INFO - Finished writing page 7 to csv file
[2024-05-11T08:29:22.760+0000] {homie_ai.py:107} INFO - Finished writing page 8 to csv file
[2024-05-11T08:29:24.412+0000] {homie_ai.py:107} INFO - Finished writing page 2 to csv file
[2024-05-11T08:29:25.116+0000] {homie_ai.py:107} INFO - Finished writing page 3 to csv file
[2024-05-11T08:29:27.397+0000] {homie_ai.py:107} INFO - Finished writing page 2 to csv file
[2024-05-11T08:29:28.062+0000] {homie_ai.py:107} INFO - Finished writing page 3 to csv file
[2024-05-11T08:29:28.633+0000] {homie_ai.py:107} INFO - Finished writing page 4 to csv file
[2024-05-11T08:29:29.315+0000] {homie_ai.py:107} INFO - Finished writing page 5 to csv file
[2024-05-11T08:29:30.442+0000] {homie_ai.py:107} INFO - Finished writing page 6 to csv file
[2024-05-11T08:29:31.157+0000] {homie_ai.py:107} INFO - Finished writing page 7 to csv file
[2024-05-11T08:29:31.743+0000] {homie_ai.py:107} INFO - Finished writing page 8 to csv file
[2024-05-11T08:29:33.994+0000] {homie_ai.py:107} INFO - Finished writing page 2 to csv file
[2024-05-11T08:29:36.121+0000] {homie_ai.py:107} INFO - Finished writing page 2 to csv file
[2024-05-11T08:29:36.788+0000] {homie_ai.py:107} INFO - Finished writing page 3 to csv file
[2024-05-11T08:29:37.479+0000] {homie_ai.py:107} INFO - Finished writing page 4 to csv file
[2024-05-11T08:29:38.484+0000] {homie_ai.py:107} INFO - Finished writing page 5 to csv file
[2024-05-11T08:29:38.994+0000] {homie_ai.py:107} INFO - Finished writing page 6 to csv file
[2024-05-11T08:29:39.584+0000] {homie_ai.py:107} INFO - Finished writing page 7 to csv file
[2024-05-11T08:29:40.152+0000] {homie_ai.py:107} INFO - Finished writing page 8 to csv file
[2024-05-11T08:29:42.396+0000] {homie_ai.py:107} INFO - Finished writing page 2 to csv file
[2024-05-11T08:29:43.201+0000] {homie_ai.py:107} INFO - Finished writing page 3 to csv file
[2024-05-11T08:29:43.815+0000] {homie_ai.py:107} INFO - Finished writing page 4 to csv file
[2024-05-11T08:29:45.919+0000] {homie_ai.py:107} INFO - Finished writing page 2 to csv file
[2024-05-11T08:29:46.558+0000] {homie_ai.py:107} INFO - Finished writing page 3 to csv file
[2024-05-11T08:29:47.226+0000] {homie_ai.py:107} INFO - Finished writing page 4 to csv file
[2024-05-11T08:29:48.160+0000] {homie_ai.py:107} INFO - Finished writing page 5 to csv file
[2024-05-11T08:29:48.859+0000] {homie_ai.py:107} INFO - Finished writing page 6 to csv file
[2024-05-11T08:29:49.412+0000] {homie_ai.py:107} INFO - Finished writing page 7 to csv file
[2024-05-11T08:29:49.982+0000] {homie_ai.py:107} INFO - Finished writing page 8 to csv file
[2024-05-11T08:29:54.108+0000] {homie_ai.py:107} INFO - Finished writing page 2 to csv file
[2024-05-11T08:29:55.340+0000] {homie_ai.py:107} INFO - Finished writing page 3 to csv file
[2024-05-11T08:29:56.053+0000] {homie_ai.py:107} INFO - Finished writing page 4 to csv file
[2024-05-11T08:29:56.656+0000] {homie_ai.py:107} INFO - Finished writing page 5 to csv file
[2024-05-11T08:29:57.280+0000] {homie_ai.py:107} INFO - Finished writing page 6 to csv file
[2024-05-11T08:29:57.812+0000] {homie_ai.py:107} INFO - Finished writing page 7 to csv file
[2024-05-11T08:29:59.271+0000] {homie_ai.py:107} INFO - Finished writing page 8 to csv file
[2024-05-11T08:30:01.626+0000] {homie_ai.py:107} INFO - Finished writing page 2 to csv file
[2024-05-11T08:30:02.403+0000] {homie_ai.py:107} INFO - Finished writing page 3 to csv file
[2024-05-11T08:30:03.113+0000] {homie_ai.py:107} INFO - Finished writing page 4 to csv file
[2024-05-11T08:30:03.869+0000] {homie_ai.py:107} INFO - Finished writing page 5 to csv file
[2024-05-11T08:30:04.601+0000] {homie_ai.py:107} INFO - Finished writing page 6 to csv file
[2024-05-11T08:30:06.399+0000] {homie_ai.py:107} INFO - Finished writing page 2 to csv file
[2024-05-11T08:30:07.139+0000] {homie_ai.py:107} INFO - Finished writing page 3 to csv file
[2024-05-11T08:30:07.922+0000] {homie_ai.py:107} INFO - Finished writing page 4 to csv file
[2024-05-11T08:30:08.628+0000] {homie_ai.py:107} INFO - Finished writing page 5 to csv file
[2024-05-11T08:30:09.616+0000] {homie_ai.py:107} INFO - Finished writing page 6 to csv file
[2024-05-11T08:30:10.217+0000] {homie_ai.py:107} INFO - Finished writing page 7 to csv file
[2024-05-11T08:30:10.799+0000] {homie_ai.py:107} INFO - Finished writing page 8 to csv file
[2024-05-11T08:30:16.746+0000] {homie_ai.py:107} INFO - Finished writing page 2 to csv file
[2024-05-11T08:30:17.753+0000] {homie_ai.py:107} INFO - Finished writing page 3 to csv file
[2024-05-11T08:30:18.362+0000] {homie_ai.py:107} INFO - Finished writing page 4 to csv file
[2024-05-11T08:30:18.917+0000] {homie_ai.py:107} INFO - Finished writing page 5 to csv file
[2024-05-11T08:30:19.570+0000] {homie_ai.py:107} INFO - Finished writing page 6 to csv file
[2024-05-11T08:30:20.455+0000] {homie_ai.py:107} INFO - Finished writing page 7 to csv file
[2024-05-11T08:30:22.939+0000] {homie_ai.py:107} INFO - Finished writing page 2 to csv file
[2024-05-11T08:30:23.757+0000] {homie_ai.py:107} INFO - Finished writing page 3 to csv file
[2024-05-11T08:30:26.949+0000] {homie_ai.py:107} INFO - Finished writing page 2 to csv file
[2024-05-11T08:30:27.848+0000] {homie_ai.py:107} INFO - Finished writing page 3 to csv file
[2024-05-11T08:30:28.622+0000] {homie_ai.py:107} INFO - Finished writing page 4 to csv file
[2024-05-11T08:30:29.164+0000] {homie_ai.py:107} INFO - Finished writing page 5 to csv file
[2024-05-11T08:30:30.516+0000] {homie_ai.py:107} INFO - Finished writing page 6 to csv file
[2024-05-11T08:30:31.214+0000] {homie_ai.py:107} INFO - Finished writing page 7 to csv file
[2024-05-11T08:30:32.022+0000] {homie_ai.py:107} INFO - Finished writing page 8 to csv file
[2024-05-11T08:30:35.970+0000] {homie_ai.py:107} INFO - Finished writing page 2 to csv file
[2024-05-11T08:30:38.533+0000] {homie_ai.py:107} INFO - Finished writing page 2 to csv file
[2024-05-11T08:30:39.476+0000] {homie_ai.py:107} INFO - Finished writing page 3 to csv file
[2024-05-11T08:30:40.389+0000] {homie_ai.py:107} INFO - Finished writing page 4 to csv file
[2024-05-11T08:30:41.170+0000] {homie_ai.py:107} INFO - Finished writing page 5 to csv file
[2024-05-11T08:30:42.097+0000] {homie_ai.py:107} INFO - Finished writing page 6 to csv file
[2024-05-11T08:30:42.747+0000] {homie_ai.py:107} INFO - Finished writing page 7 to csv file
[2024-05-11T08:30:43.271+0000] {homie_ai.py:107} INFO - Finished writing page 8 to csv file
[2024-05-11T08:30:43.843+0000] {homie_ai.py:107} INFO - Finished writing page 9 to csv file
[2024-05-11T08:30:44.497+0000] {homie_ai.py:107} INFO - Finished writing page 10 to csv file
[2024-05-11T08:30:46.710+0000] {homie_ai.py:107} INFO - Finished writing page 2 to csv file
[2024-05-11T08:30:47.336+0000] {homie_ai.py:107} INFO - Finished writing page 3 to csv file
[2024-05-11T08:30:49.729+0000] {homie_ai.py:107} INFO - Finished writing page 2 to csv file
[2024-05-11T08:30:50.423+0000] {homie_ai.py:107} INFO - Finished writing page 3 to csv file
[2024-05-11T08:30:51.047+0000] {homie_ai.py:107} INFO - Finished writing page 4 to csv file
[2024-05-11T08:30:51.894+0000] {homie_ai.py:107} INFO - Finished writing page 5 to csv file
[2024-05-11T08:30:52.474+0000] {homie_ai.py:107} INFO - Finished writing page 6 to csv file
[2024-05-11T08:30:53.626+0000] {homie_ai.py:107} INFO - Finished writing page 7 to csv file
[2024-05-11T08:30:54.131+0000] {homie_ai.py:107} INFO - Finished writing page 8 to csv file
[2024-05-11T08:30:59.345+0000] {homie_ai.py:107} INFO - Finished writing page 2 to csv file
[2024-05-11T08:31:00.252+0000] {homie_ai.py:107} INFO - Finished writing page 3 to csv file
[2024-05-11T08:31:01.264+0000] {homie_ai.py:107} INFO - Finished writing page 4 to csv file
[2024-05-11T08:31:02.212+0000] {homie_ai.py:107} INFO - Finished writing page 5 to csv file
[2024-05-11T08:31:03.483+0000] {homie_ai.py:107} INFO - Finished writing page 6 to csv file
[2024-05-11T08:31:04.044+0000] {homie_ai.py:107} INFO - Finished writing page 7 to csv file
[2024-05-11T08:31:04.794+0000] {homie_ai.py:107} INFO - Finished writing page 8 to csv file
[2024-05-11T08:31:05.822+0000] {homie_ai.py:107} INFO - Finished writing page 9 to csv file
[2024-05-11T08:31:07.284+0000] {homie_ai.py:107} INFO - Finished writing page 2 to csv file
[2024-05-11T08:31:08.669+0000] {homie_ai.py:107} INFO - Finished writing page 2 to csv file
[2024-05-11T08:31:09.345+0000] {homie_ai.py:107} INFO - Finished writing page 3 to csv file
[2024-05-11T08:31:10.116+0000] {homie_ai.py:107} INFO - Finished writing page 4 to csv file
[2024-05-11T08:31:11.012+0000] {homie_ai.py:107} INFO - Finished writing page 5 to csv file
[2024-05-11T08:31:12.061+0000] {homie_ai.py:107} INFO - Finished writing page 6 to csv file
[2024-05-11T08:31:12.744+0000] {homie_ai.py:107} INFO - Finished writing page 7 to csv file
[2024-05-11T08:31:13.259+0000] {homie_ai.py:107} INFO - Finished writing page 8 to csv file
[2024-05-11T08:31:18.250+0000] {homie_ai.py:107} INFO - Finished writing page 2 to csv file
[2024-05-11T08:31:19.330+0000] {homie_ai.py:107} INFO - Finished writing page 3 to csv file
[2024-05-11T08:31:20.187+0000] {homie_ai.py:107} INFO - Finished writing page 4 to csv file
[2024-05-11T08:31:20.897+0000] {homie_ai.py:107} INFO - Finished writing page 5 to csv file
[2024-05-11T08:31:21.468+0000] {homie_ai.py:107} INFO - Finished writing page 6 to csv file
[2024-05-11T08:31:22.210+0000] {homie_ai.py:107} INFO - Finished writing page 7 to csv file
[2024-05-11T08:31:23.293+0000] {homie_ai.py:107} INFO - Finished writing page 8 to csv file
[2024-05-11T08:31:23.870+0000] {homie_ai.py:107} INFO - Finished writing page 9 to csv file
[2024-05-11T08:31:25.645+0000] {homie_ai.py:107} INFO - Finished writing page 2 to csv file
[2024-05-11T08:31:26.195+0000] {homie_ai.py:107} INFO - Finished writing page 3 to csv file
[2024-05-11T08:31:28.324+0000] {homie_ai.py:107} INFO - Finished writing page 2 to csv file
[2024-05-11T08:31:29.007+0000] {homie_ai.py:107} INFO - Finished writing page 3 to csv file
[2024-05-11T08:31:29.759+0000] {homie_ai.py:107} INFO - Finished writing page 4 to csv file
[2024-05-11T08:31:30.918+0000] {homie_ai.py:107} INFO - Finished writing page 5 to csv file
[2024-05-11T08:31:31.907+0000] {homie_ai.py:107} INFO - Finished writing page 6 to csv file
[2024-05-11T08:31:32.440+0000] {homie_ai.py:107} INFO - Finished writing page 7 to csv file
[2024-05-11T08:31:33.241+0000] {homie_ai.py:107} INFO - Finished writing page 8 to csv file
[2024-05-11T08:31:35.490+0000] {homie_ai.py:107} INFO - Finished writing page 2 to csv file
[2024-05-11T08:31:39.429+0000] {homie_ai.py:107} INFO - Finished writing page 2 to csv file
[2024-05-11T08:31:40.135+0000] {homie_ai.py:107} INFO - Finished writing page 3 to csv file
[2024-05-11T08:31:41.076+0000] {homie_ai.py:107} INFO - Finished writing page 4 to csv file
[2024-05-11T08:31:41.814+0000] {homie_ai.py:107} INFO - Finished writing page 5 to csv file
[2024-05-11T08:31:42.512+0000] {homie_ai.py:107} INFO - Finished writing page 6 to csv file
[2024-05-11T08:31:43.182+0000] {homie_ai.py:107} INFO - Finished writing page 7 to csv file
[2024-05-11T08:31:43.754+0000] {homie_ai.py:107} INFO - Finished writing page 8 to csv file
[2024-05-11T08:31:45.372+0000] {homie_ai.py:107} INFO - Finished writing page 2 to csv file
[2024-05-11T08:31:46.038+0000] {homie_ai.py:107} INFO - Finished writing page 3 to csv file
[2024-05-11T08:31:46.866+0000] {homie_ai.py:107} INFO - Finished writing page 4 to csv file
[2024-05-11T08:31:47.445+0000] {homie_ai.py:107} INFO - Finished writing page 5 to csv file
[2024-05-11T08:31:48.304+0000] {homie_ai.py:107} INFO - Finished writing page 6 to csv file
[2024-05-11T08:31:48.902+0000] {homie_ai.py:107} INFO - Finished writing page 7 to csv file
[2024-05-11T08:31:49.707+0000] {homie_ai.py:107} INFO - Finished writing page 8 to csv file
[2024-05-11T08:31:51.920+0000] {homie_ai.py:107} INFO - Finished writing page 2 to csv file
[2024-05-11T08:31:52.859+0000] {homie_ai.py:107} INFO - Finished writing page 3 to csv file
[2024-05-11T08:31:53.469+0000] {homie_ai.py:107} INFO - Finished writing page 4 to csv file
[2024-05-11T08:31:54.577+0000] {homie_ai.py:107} INFO - Finished writing page 5 to csv file
[2024-05-11T08:31:55.389+0000] {homie_ai.py:107} INFO - Finished writing page 6 to csv file
[2024-05-11T08:31:56.052+0000] {homie_ai.py:107} INFO - Finished writing page 7 to csv file
[2024-05-11T08:31:56.658+0000] {homie_ai.py:107} INFO - Finished writing page 8 to csv file
[2024-05-11T08:32:03.533+0000] {homie_ai.py:107} INFO - Finished writing page 2 to csv file
[2024-05-11T08:32:04.244+0000] {homie_ai.py:107} INFO - Finished writing page 3 to csv file
[2024-05-11T08:32:04.914+0000] {homie_ai.py:107} INFO - Finished writing page 4 to csv file
[2024-05-11T08:32:09.291+0000] {homie_ai.py:107} INFO - Finished writing page 2 to csv file
[2024-05-11T08:32:10.106+0000] {homie_ai.py:107} INFO - Finished writing page 3 to csv file
[2024-05-11T08:32:11.135+0000] {homie_ai.py:107} INFO - Finished writing page 4 to csv file
[2024-05-11T08:32:12.048+0000] {homie_ai.py:107} INFO - Finished writing page 5 to csv file
[2024-05-11T08:32:12.806+0000] {homie_ai.py:107} INFO - Finished writing page 6 to csv file
[2024-05-11T08:32:13.530+0000] {homie_ai.py:107} INFO - Finished writing page 7 to csv file
[2024-05-11T08:32:14.349+0000] {homie_ai.py:107} INFO - Finished writing page 8 to csv file
[2024-05-11T08:32:15.199+0000] {homie_ai.py:107} INFO - Finished writing page 9 to csv file
[2024-05-11T08:32:15.944+0000] {homie_ai.py:107} INFO - Finished writing page 10 to csv file
[2024-05-11T08:32:21.782+0000] {homie_ai.py:107} INFO - Finished writing page 2 to csv file
[2024-05-11T08:32:22.816+0000] {homie_ai.py:107} INFO - Finished writing page 3 to csv file
[2024-05-11T08:32:23.841+0000] {homie_ai.py:107} INFO - Finished writing page 4 to csv file
[2024-05-11T08:32:24.420+0000] {homie_ai.py:107} INFO - Finished writing page 5 to csv file
[2024-05-11T08:32:25.037+0000] {homie_ai.py:107} INFO - Finished writing page 6 to csv file
[2024-05-11T08:32:25.567+0000] {homie_ai.py:107} INFO - Finished writing page 7 to csv file
[2024-05-11T08:32:26.117+0000] {homie_ai.py:107} INFO - Finished writing page 8 to csv file
[2024-05-11T08:32:28.874+0000] {homie_ai.py:107} INFO - Finished writing page 2 to csv file
[2024-05-11T08:32:31.571+0000] {homie_ai.py:107} INFO - Finished writing page 2 to csv file
[2024-05-11T08:32:32.950+0000] {homie_ai.py:107} INFO - Finished writing page 3 to csv file
[2024-05-11T08:32:33.748+0000] {homie_ai.py:107} INFO - Finished writing page 4 to csv file
[2024-05-11T08:32:34.916+0000] {homie_ai.py:107} INFO - Finished writing page 5 to csv file
[2024-05-11T08:32:35.638+0000] {homie_ai.py:107} INFO - Finished writing page 6 to csv file
[2024-05-11T08:32:36.332+0000] {homie_ai.py:107} INFO - Finished writing page 7 to csv file
[2024-05-11T08:32:37.385+0000] {homie_ai.py:107} INFO - Finished writing page 8 to csv file
[2024-05-11T08:32:43.164+0000] {homie_ai.py:107} INFO - Finished writing page 2 to csv file
[2024-05-11T08:32:44.039+0000] {homie_ai.py:107} INFO - Finished writing page 3 to csv file
[2024-05-11T08:32:44.825+0000] {homie_ai.py:107} INFO - Finished writing page 4 to csv file
[2024-05-11T08:32:45.525+0000] {homie_ai.py:107} INFO - Finished writing page 5 to csv file
[2024-05-11T08:32:46.166+0000] {homie_ai.py:107} INFO - Finished writing page 6 to csv file
[2024-05-11T08:32:46.794+0000] {homie_ai.py:107} INFO - Finished writing page 7 to csv file
[2024-05-11T08:32:47.448+0000] {homie_ai.py:107} INFO - Finished writing page 8 to csv file
[2024-05-11T08:32:48.026+0000] {homie_ai.py:107} INFO - Finished writing page 9 to csv file
[2024-05-11T08:32:49.834+0000] {homie_ai.py:107} INFO - Finished writing page 2 to csv file
[2024-05-11T08:32:52.575+0000] {homie_ai.py:107} INFO - Finished writing page 2 to csv file
[2024-05-11T08:32:53.301+0000] {homie_ai.py:107} INFO - Finished writing page 3 to csv file
[2024-05-11T08:32:54.103+0000] {homie_ai.py:107} INFO - Finished writing page 4 to csv file
[2024-05-11T08:32:54.719+0000] {homie_ai.py:107} INFO - Finished writing page 5 to csv file
[2024-05-11T08:32:55.663+0000] {homie_ai.py:107} INFO - Finished writing page 6 to csv file
[2024-05-11T08:32:56.505+0000] {homie_ai.py:107} INFO - Finished writing page 7 to csv file
[2024-05-11T08:32:57.124+0000] {homie_ai.py:107} INFO - Finished writing page 8 to csv file
[2024-05-11T08:33:03.182+0000] {homie_ai.py:107} INFO - Finished writing page 2 to csv file
[2024-05-11T08:33:04.433+0000] {homie_ai.py:107} INFO - Finished writing page 3 to csv file
[2024-05-11T08:33:05.306+0000] {homie_ai.py:107} INFO - Finished writing page 4 to csv file
[2024-05-11T08:33:05.932+0000] {homie_ai.py:107} INFO - Finished writing page 5 to csv file
[2024-05-11T08:33:06.542+0000] {homie_ai.py:107} INFO - Finished writing page 6 to csv file
[2024-05-11T08:33:07.933+0000] {homie_ai.py:107} INFO - Finished writing page 7 to csv file
[2024-05-11T08:33:08.540+0000] {homie_ai.py:107} INFO - Finished writing page 8 to csv file
[2024-05-11T08:33:10.862+0000] {homie_ai.py:107} INFO - Finished writing page 2 to csv file
[2024-05-11T08:33:12.832+0000] {homie_ai.py:107} INFO - Finished writing page 2 to csv file
[2024-05-11T08:33:13.717+0000] {homie_ai.py:107} INFO - Finished writing page 3 to csv file
[2024-05-11T08:33:14.428+0000] {homie_ai.py:107} INFO - Finished writing page 4 to csv file
[2024-05-11T08:33:15.281+0000] {homie_ai.py:107} INFO - Finished writing page 5 to csv file
[2024-05-11T08:33:15.832+0000] {homie_ai.py:107} INFO - Finished writing page 6 to csv file
[2024-05-11T08:33:16.557+0000] {homie_ai.py:107} INFO - Finished writing page 7 to csv file
[2024-05-11T08:33:17.112+0000] {homie_ai.py:107} INFO - Finished writing page 8 to csv file
[2024-05-11T08:33:22.230+0000] {homie_ai.py:107} INFO - Finished writing page 2 to csv file
[2024-05-11T08:33:23.273+0000] {homie_ai.py:107} INFO - Finished writing page 3 to csv file
[2024-05-11T08:33:24.132+0000] {homie_ai.py:107} INFO - Finished writing page 4 to csv file
[2024-05-11T08:33:24.745+0000] {homie_ai.py:107} INFO - Finished writing page 5 to csv file
[2024-05-11T08:33:25.351+0000] {homie_ai.py:107} INFO - Finished writing page 6 to csv file
[2024-05-11T08:33:26.005+0000] {homie_ai.py:107} INFO - Finished writing page 7 to csv file
[2024-05-11T08:33:28.318+0000] {homie_ai.py:107} INFO - Finished writing page 2 to csv file
[2024-05-11T08:33:30.184+0000] {homie_ai.py:107} INFO - Finished writing page 2 to csv file
[2024-05-11T08:33:30.736+0000] {homie_ai.py:107} INFO - Finished writing page 3 to csv file
[2024-05-11T08:33:31.421+0000] {homie_ai.py:107} INFO - Finished writing page 4 to csv file
[2024-05-11T08:33:31.996+0000] {homie_ai.py:107} INFO - Finished writing page 5 to csv file
[2024-05-11T08:33:33.178+0000] {homie_ai.py:107} INFO - Finished writing page 6 to csv file
[2024-05-11T08:33:34.103+0000] {homie_ai.py:107} INFO - Finished writing page 7 to csv file
[2024-05-11T08:33:34.736+0000] {homie_ai.py:107} INFO - Finished writing page 8 to csv file
[2024-05-11T08:33:40.148+0000] {homie_ai.py:107} INFO - Finished writing page 2 to csv file
[2024-05-11T08:33:40.819+0000] {homie_ai.py:107} INFO - Finished writing page 3 to csv file
[2024-05-11T08:33:41.375+0000] {homie_ai.py:107} INFO - Finished writing page 4 to csv file
[2024-05-11T08:33:43.248+0000] {homie_ai.py:107} INFO - Finished writing page 2 to csv file
[2024-05-11T08:33:45.673+0000] {homie_ai.py:107} INFO - Finished writing page 2 to csv file
[2024-05-11T08:33:46.500+0000] {homie_ai.py:107} INFO - Finished writing page 3 to csv file
[2024-05-11T08:33:47.232+0000] {homie_ai.py:107} INFO - Finished writing page 4 to csv file
[2024-05-11T08:33:47.971+0000] {homie_ai.py:107} INFO - Finished writing page 5 to csv file
[2024-05-11T08:33:48.724+0000] {homie_ai.py:107} INFO - Finished writing page 6 to csv file
[2024-05-11T08:33:49.407+0000] {homie_ai.py:107} INFO - Finished writing page 7 to csv file
[2024-05-11T08:33:50.060+0000] {homie_ai.py:107} INFO - Finished writing page 8 to csv file
[2024-05-11T08:33:55.404+0000] {homie_ai.py:107} INFO - Finished writing page 2 to csv file
[2024-05-11T08:33:56.103+0000] {homie_ai.py:107} INFO - Finished writing page 3 to csv file
[2024-05-11T08:33:56.720+0000] {homie_ai.py:107} INFO - Finished writing page 4 to csv file
[2024-05-11T08:33:57.330+0000] {homie_ai.py:107} INFO - Finished writing page 5 to csv file
[2024-05-11T08:33:59.336+0000] {homie_ai.py:107} INFO - Finished writing page 2 to csv file
[2024-05-11T08:34:01.165+0000] {homie_ai.py:107} INFO - Finished writing page 2 to csv file
[2024-05-11T08:34:02.097+0000] {homie_ai.py:107} INFO - Finished writing page 3 to csv file
[2024-05-11T08:34:02.698+0000] {homie_ai.py:107} INFO - Finished writing page 4 to csv file
[2024-05-11T08:34:03.262+0000] {homie_ai.py:107} INFO - Finished writing page 5 to csv file
[2024-05-11T08:34:04.023+0000] {homie_ai.py:107} INFO - Finished writing page 6 to csv file
[2024-05-11T08:34:04.526+0000] {homie_ai.py:107} INFO - Finished writing page 7 to csv file
[2024-05-11T08:34:05.263+0000] {homie_ai.py:107} INFO - Finished writing page 8 to csv file
[2024-05-11T08:34:05.753+0000] {homie_ai.py:107} INFO - Finished writing page 9 to csv file
[2024-05-11T08:34:10.142+0000] {homie_ai.py:107} INFO - Finished writing page 2 to csv file
[2024-05-11T08:34:10.783+0000] {homie_ai.py:107} INFO - Finished writing page 3 to csv file
[2024-05-11T08:34:11.490+0000] {homie_ai.py:107} INFO - Finished writing page 4 to csv file
[2024-05-11T08:34:12.202+0000] {homie_ai.py:107} INFO - Finished writing page 5 to csv file
[2024-05-11T08:34:13.017+0000] {homie_ai.py:107} INFO - Finished writing page 6 to csv file
[2024-05-11T08:34:13.625+0000] {homie_ai.py:107} INFO - Finished writing page 7 to csv file
[2024-05-11T08:34:17.687+0000] {homie_ai.py:107} INFO - Finished writing page 2 to csv file
[2024-05-11T08:34:18.609+0000] {homie_ai.py:107} INFO - Finished writing page 3 to csv file
[2024-05-11T08:34:19.388+0000] {homie_ai.py:107} INFO - Finished writing page 4 to csv file
[2024-05-11T08:34:20.132+0000] {homie_ai.py:107} INFO - Finished writing page 5 to csv file
[2024-05-11T08:34:20.780+0000] {homie_ai.py:107} INFO - Finished writing page 6 to csv file
[2024-05-11T08:34:21.382+0000] {homie_ai.py:107} INFO - Finished writing page 7 to csv file
[2024-05-11T08:34:21.984+0000] {homie_ai.py:107} INFO - Finished writing page 8 to csv file
[2024-05-11T08:34:22.526+0000] {homie_ai.py:107} INFO - Finished writing page 9 to csv file
[2024-05-11T08:34:26.838+0000] {homie_ai.py:107} INFO - Finished writing page 2 to csv file
[2024-05-11T08:34:27.418+0000] {homie_ai.py:107} INFO - Finished writing page 3 to csv file
[2024-05-11T08:34:28.137+0000] {homie_ai.py:107} INFO - Finished writing page 4 to csv file
[2024-05-11T08:34:31.363+0000] {homie_ai.py:107} INFO - Finished writing page 2 to csv file
[2024-05-11T08:34:32.036+0000] {homie_ai.py:107} INFO - Finished writing page 3 to csv file
[2024-05-11T08:34:32.884+0000] {homie_ai.py:107} INFO - Finished writing page 4 to csv file
[2024-05-11T08:34:33.666+0000] {homie_ai.py:107} INFO - Finished writing page 5 to csv file
[2024-05-11T08:34:34.323+0000] {homie_ai.py:107} INFO - Finished writing page 6 to csv file
[2024-05-11T08:34:34.888+0000] {homie_ai.py:107} INFO - Finished writing page 7 to csv file
[2024-05-11T08:34:35.771+0000] {homie_ai.py:107} INFO - Finished writing page 8 to csv file
[2024-05-11T08:34:36.431+0000] {homie_ai.py:107} INFO - Finished writing page 9 to csv file
[2024-05-11T08:34:37.208+0000] {homie_ai.py:107} INFO - Finished writing page 10 to csv file
[2024-05-11T08:34:42.370+0000] {homie_ai.py:107} INFO - Finished writing page 2 to csv file
[2024-05-11T08:34:43.857+0000] {homie_ai.py:107} INFO - Finished writing page 3 to csv file
[2024-05-11T08:34:45.115+0000] {homie_ai.py:107} INFO - Finished writing page 4 to csv file
[2024-05-11T08:34:45.684+0000] {homie_ai.py:107} INFO - Finished writing page 5 to csv file
[2024-05-11T08:34:46.320+0000] {homie_ai.py:107} INFO - Finished writing page 6 to csv file
[2024-05-11T08:34:46.934+0000] {homie_ai.py:107} INFO - Finished writing page 7 to csv file
[2024-05-11T08:34:48.043+0000] {homie_ai.py:107} INFO - Finished writing page 8 to csv file
[2024-05-11T08:34:48.733+0000] {homie_ai.py:107} INFO - Finished writing page 9 to csv file
[2024-05-11T08:34:50.511+0000] {homie_ai.py:107} INFO - Finished writing page 2 to csv file
[2024-05-11T08:34:51.112+0000] {homie_ai.py:107} INFO - Finished writing page 3 to csv file
[2024-05-11T08:34:52.881+0000] {homie_ai.py:107} INFO - Finished writing page 2 to csv file
[2024-05-11T08:34:53.539+0000] {homie_ai.py:107} INFO - Finished writing page 3 to csv file
[2024-05-11T08:34:54.392+0000] {homie_ai.py:107} INFO - Finished writing page 4 to csv file
[2024-05-11T08:34:55.005+0000] {homie_ai.py:107} INFO - Finished writing page 5 to csv file
[2024-05-11T08:34:55.690+0000] {homie_ai.py:107} INFO - Finished writing page 6 to csv file
[2024-05-11T08:34:56.247+0000] {homie_ai.py:107} INFO - Finished writing page 7 to csv file
[2024-05-11T08:34:56.796+0000] {homie_ai.py:107} INFO - Finished writing page 8 to csv file
[2024-05-11T08:34:57.845+0000] {homie_ai.py:107} INFO - Finished writing page 9 to csv file
[2024-05-11T08:34:58.436+0000] {homie_ai.py:107} INFO - Finished writing page 10 to csv file
[2024-05-11T08:35:03.260+0000] {homie_ai.py:107} INFO - Finished writing page 2 to csv file
[2024-05-11T08:35:06.396+0000] {homie_ai.py:107} INFO - Finished writing page 2 to csv file
[2024-05-11T08:35:07.075+0000] {homie_ai.py:107} INFO - Finished writing page 3 to csv file
[2024-05-11T08:35:07.680+0000] {homie_ai.py:107} INFO - Finished writing page 4 to csv file
[2024-05-11T08:35:08.307+0000] {homie_ai.py:107} INFO - Finished writing page 5 to csv file
[2024-05-11T08:35:15.571+0000] {homie_ai.py:107} INFO - Finished writing page 2 to csv file
[2024-05-11T08:35:16.170+0000] {homie_ai.py:107} INFO - Finished writing page 3 to csv file
[2024-05-11T08:35:17.103+0000] {homie_ai.py:107} INFO - Finished writing page 4 to csv file
[2024-05-11T08:35:21.279+0000] {homie_ai.py:107} INFO - Finished writing page 2 to csv file
[2024-05-11T08:35:21.987+0000] {homie_ai.py:107} INFO - Finished writing page 3 to csv file
[2024-05-11T08:35:22.560+0000] {homie_ai.py:107} INFO - Finished writing page 4 to csv file
[2024-05-11T08:35:23.174+0000] {homie_ai.py:107} INFO - Finished writing page 5 to csv file
[2024-05-11T08:35:23.820+0000] {homie_ai.py:107} INFO - Finished writing page 6 to csv file
[2024-05-11T08:35:24.417+0000] {homie_ai.py:107} INFO - Finished writing page 7 to csv file
[2024-05-11T08:35:25.042+0000] {homie_ai.py:107} INFO - Finished writing page 8 to csv file
[2024-05-11T08:35:25.635+0000] {homie_ai.py:107} INFO - Finished writing page 9 to csv file
[2024-05-11T08:35:26.343+0000] {homie_ai.py:107} INFO - Finished writing page 10 to csv file
[2024-05-11T08:35:31.730+0000] {homie_ai.py:107} INFO - Finished writing page 2 to csv file
[2024-05-11T08:35:32.392+0000] {homie_ai.py:107} INFO - Finished writing page 3 to csv file
[2024-05-11T08:35:32.967+0000] {homie_ai.py:107} INFO - Finished writing page 4 to csv file
[2024-05-11T08:35:36.643+0000] {homie_ai.py:107} INFO - Finished writing page 2 to csv file
[2024-05-11T08:35:37.667+0000] {homie_ai.py:107} INFO - Finished writing page 3 to csv file
[2024-05-11T08:35:38.425+0000] {homie_ai.py:107} INFO - Finished writing page 4 to csv file
[2024-05-11T08:35:38.946+0000] {homie_ai.py:107} INFO - Finished writing page 5 to csv file
[2024-05-11T08:35:39.882+0000] {homie_ai.py:107} INFO - Finished writing page 6 to csv file
[2024-05-11T08:35:40.450+0000] {homie_ai.py:107} INFO - Finished writing page 7 to csv file
[2024-05-11T08:35:44.876+0000] {homie_ai.py:107} INFO - Finished writing page 2 to csv file
[2024-05-11T08:35:45.709+0000] {homie_ai.py:107} INFO - Finished writing page 3 to csv file
[2024-05-11T08:35:49.138+0000] {homie_ai.py:107} INFO - Finished writing page 2 to csv file
[2024-05-11T08:35:49.772+0000] {homie_ai.py:107} INFO - Finished writing page 3 to csv file
[2024-05-11T08:35:50.521+0000] {homie_ai.py:107} INFO - Finished writing page 4 to csv file
[2024-05-11T08:35:54.998+0000] {homie_ai.py:107} INFO - Finished writing page 2 to csv file
[2024-05-11T08:35:55.599+0000] {homie_ai.py:107} INFO - Finished writing page 3 to csv file
[2024-05-11T08:35:58.598+0000] {homie_ai.py:107} INFO - Finished writing page 2 to csv file
[2024-05-11T08:35:59.199+0000] {homie_ai.py:107} INFO - Finished writing page 3 to csv file
[2024-05-11T08:36:00.080+0000] {homie_ai.py:107} INFO - Finished writing page 4 to csv file
[2024-05-11T08:36:00.877+0000] {homie_ai.py:107} INFO - Finished writing page 5 to csv file
[2024-05-11T08:36:01.583+0000] {homie_ai.py:107} INFO - Finished writing page 6 to csv file
[2024-05-11T08:36:02.109+0000] {homie_ai.py:107} INFO - Finished writing page 7 to csv file
[2024-05-11T08:36:02.872+0000] {homie_ai.py:107} INFO - Finished writing page 8 to csv file
[2024-05-11T08:36:06.826+0000] {homie_ai.py:107} INFO - Finished writing page 2 to csv file
[2024-05-11T08:36:10.170+0000] {homie_ai.py:107} INFO - Finished writing page 2 to csv file
[2024-05-11T08:36:11.330+0000] {homie_ai.py:107} INFO - Finished writing page 3 to csv file
[2024-05-11T08:36:11.956+0000] {homie_ai.py:107} INFO - Finished writing page 4 to csv file
[2024-05-11T08:36:12.521+0000] {homie_ai.py:107} INFO - Finished writing page 5 to csv file
[2024-05-11T08:36:17.657+0000] {homie_ai.py:107} INFO - Finished writing page 2 to csv file
[2024-05-11T08:36:21.243+0000] {homie_ai.py:107} INFO - Finished writing page 2 to csv file
[2024-05-11T08:36:21.853+0000] {homie_ai.py:107} INFO - Finished writing page 3 to csv file
[2024-05-11T08:36:22.542+0000] {homie_ai.py:107} INFO - Finished writing page 4 to csv file
[2024-05-11T08:36:23.296+0000] {homie_ai.py:107} INFO - Finished writing page 5 to csv file
[2024-05-11T08:36:24.129+0000] {homie_ai.py:107} INFO - Finished writing page 6 to csv file
[2024-05-11T08:36:28.017+0000] {homie_ai.py:107} INFO - Finished writing page 2 to csv file
[2024-05-11T08:36:28.777+0000] {homie_ai.py:107} INFO - Finished writing page 3 to csv file
[2024-05-11T08:36:31.650+0000] {homie_ai.py:107} INFO - Finished writing page 2 to csv file
[2024-05-11T08:36:32.240+0000] {homie_ai.py:107} INFO - Finished writing page 3 to csv file
[2024-05-11T08:36:32.780+0000] {homie_ai.py:107} INFO - Finished writing page 4 to csv file
[2024-05-11T08:36:33.832+0000] {homie_ai.py:107} INFO - Finished writing page 5 to csv file
[2024-05-11T08:36:34.370+0000] {homie_ai.py:107} INFO - Finished writing page 6 to csv file
[2024-05-11T08:36:38.136+0000] {homie_ai.py:107} INFO - Finished writing page 2 to csv file
[2024-05-11T08:36:38.803+0000] {homie_ai.py:107} INFO - Finished writing page 3 to csv file
[2024-05-11T08:36:41.285+0000] {homie_ai.py:107} INFO - Finished writing page 2 to csv file
[2024-05-11T08:36:42.124+0000] {homie_ai.py:107} INFO - Finished writing page 3 to csv file
[2024-05-11T08:36:42.681+0000] {homie_ai.py:107} INFO - Finished writing page 4 to csv file
[2024-05-11T08:36:43.453+0000] {homie_ai.py:107} INFO - Finished writing page 5 to csv file
[2024-05-11T08:36:43.993+0000] {homie_ai.py:107} INFO - Finished writing page 6 to csv file
[2024-05-11T08:36:44.659+0000] {homie_ai.py:107} INFO - Finished writing page 7 to csv file
[2024-05-11T08:36:45.223+0000] {homie_ai.py:107} INFO - Finished writing page 8 to csv file
[2024-05-11T08:36:48.828+0000] {homie_ai.py:107} INFO - Finished writing page 2 to csv file
[2024-05-11T08:36:49.566+0000] {homie_ai.py:107} INFO - Finished writing page 3 to csv file
[2024-05-11T08:36:50.344+0000] {homie_ai.py:107} INFO - Finished writing page 4 to csv file
[2024-05-11T08:36:51.083+0000] {homie_ai.py:107} INFO - Finished writing page 5 to csv file
[2024-05-11T08:36:51.833+0000] {homie_ai.py:107} INFO - Finished writing page 6 to csv file
[2024-05-11T08:36:52.431+0000] {homie_ai.py:107} INFO - Finished writing page 7 to csv file
[2024-05-11T08:36:52.967+0000] {homie_ai.py:107} INFO - Finished writing page 8 to csv file
[2024-05-11T08:36:54.598+0000] {homie_ai.py:107} INFO - Finished writing page 2 to csv file
[2024-05-11T08:36:57.286+0000] {homie_ai.py:107} INFO - Finished writing page 2 to csv file
[2024-05-11T08:36:57.904+0000] {homie_ai.py:107} INFO - Finished writing page 3 to csv file
[2024-05-11T08:36:58.456+0000] {homie_ai.py:107} INFO - Finished writing page 4 to csv file
[2024-05-11T08:36:59.047+0000] {homie_ai.py:107} INFO - Finished writing page 5 to csv file
[2024-05-11T08:36:59.565+0000] {homie_ai.py:107} INFO - Finished writing page 6 to csv file
[2024-05-11T08:37:06.141+0000] {homie_ai.py:107} INFO - Finished writing page 2 to csv file
[2024-05-11T08:37:06.663+0000] {homie_ai.py:107} INFO - Finished writing page 3 to csv file
[2024-05-11T08:37:13.845+0000] {homie_ai.py:107} INFO - Finished writing page 2 to csv file
[2024-05-11T08:37:14.950+0000] {homie_ai.py:107} INFO - Finished writing page 3 to csv file
[2024-05-11T08:37:15.483+0000] {homie_ai.py:107} INFO - Finished writing page 4 to csv file
[2024-05-11T08:37:16.013+0000] {homie_ai.py:107} INFO - Finished writing page 5 to csv file
[2024-05-11T08:37:19.495+0000] {homie_ai.py:107} INFO - Finished writing page 2 to csv file
[2024-05-11T08:37:22.737+0000] {homie_ai.py:107} INFO - Finished writing page 2 to csv file
[2024-05-11T08:37:23.325+0000] {homie_ai.py:107} INFO - Finished writing page 3 to csv file
[2024-05-11T08:37:24.070+0000] {homie_ai.py:107} INFO - Finished writing page 4 to csv file
[2024-05-11T08:37:28.353+0000] {homie_ai.py:107} INFO - Finished writing page 2 to csv file
[2024-05-11T08:37:31.002+0000] {homie_ai.py:107} INFO - Finished writing page 2 to csv file
[2024-05-11T08:37:31.640+0000] {homie_ai.py:107} INFO - Finished writing page 3 to csv file
[2024-05-11T08:37:32.267+0000] {homie_ai.py:107} INFO - Finished writing page 4 to csv file
[2024-05-11T08:37:35.761+0000] {homie_ai.py:107} INFO - Finished writing page 2 to csv file
[2024-05-11T08:37:38.084+0000] {homie_ai.py:107} INFO - Finished writing page 2 to csv file
[2024-05-11T08:37:38.915+0000] {homie_ai.py:107} INFO - Finished writing page 3 to csv file
[2024-05-11T08:37:39.738+0000] {homie_ai.py:107} INFO - Finished writing page 4 to csv file
[2024-05-11T08:37:40.704+0000] {homie_ai.py:107} INFO - Finished writing page 5 to csv file
[2024-05-11T08:37:41.297+0000] {homie_ai.py:107} INFO - Finished writing page 6 to csv file
[2024-05-11T08:37:41.849+0000] {homie_ai.py:107} INFO - Finished writing page 7 to csv file
[2024-05-11T08:37:42.481+0000] {homie_ai.py:107} INFO - Finished writing page 8 to csv file
[2024-05-11T08:37:43.126+0000] {homie_ai.py:107} INFO - Finished writing page 9 to csv file
[2024-05-11T08:37:48.538+0000] {homie_ai.py:107} INFO - Finished writing page 2 to csv file
[2024-05-11T08:37:49.074+0000] {homie_ai.py:107} INFO - Finished writing page 3 to csv file
[2024-05-11T08:37:49.607+0000] {homie_ai.py:107} INFO - Finished writing page 4 to csv file
[2024-05-11T08:37:54.035+0000] {homie_ai.py:107} INFO - Finished writing page 2 to csv file
[2024-05-11T08:37:57.590+0000] {homie_ai.py:107} INFO - Finished writing page 2 to csv file
[2024-05-11T08:37:58.274+0000] {homie_ai.py:107} INFO - Finished writing page 3 to csv file
[2024-05-11T08:37:59.257+0000] {homie_ai.py:107} INFO - Finished writing page 4 to csv file
[2024-05-11T08:38:04.713+0000] {homie_ai.py:107} INFO - Finished writing page 2 to csv file
[2024-05-11T08:38:05.256+0000] {homie_ai.py:107} INFO - Finished writing page 3 to csv file
[2024-05-11T08:38:06.045+0000] {homie_ai.py:107} INFO - Finished writing page 4 to csv file
[2024-05-11T08:38:11.833+0000] {homie_ai.py:107} INFO - Finished writing page 2 to csv file
[2024-05-11T08:38:12.709+0000] {homie_ai.py:107} INFO - Finished writing page 3 to csv file
[2024-05-11T08:38:13.376+0000] {homie_ai.py:107} INFO - Finished writing page 4 to csv file
[2024-05-11T08:38:14.254+0000] {homie_ai.py:107} INFO - Finished writing page 5 to csv file
[2024-05-11T08:38:14.923+0000] {homie_ai.py:107} INFO - Finished writing page 6 to csv file
[2024-05-11T08:38:19.623+0000] {homie_ai.py:107} INFO - Finished writing page 2 to csv file
[2024-05-11T08:38:20.340+0000] {homie_ai.py:107} INFO - Finished writing page 3 to csv file
[2024-05-11T08:38:21.524+0000] {homie_ai.py:107} INFO - Finished writing page 4 to csv file
[2024-05-11T08:38:24.242+0000] {homie_ai.py:107} INFO - Finished writing page 2 to csv file
[2024-05-11T08:38:24.765+0000] {homie_ai.py:107} INFO - Finished writing page 3 to csv file
[2024-05-11T08:38:25.300+0000] {homie_ai.py:107} INFO - Finished writing page 4 to csv file
[2024-05-11T08:38:34.622+0000] {homie_ai.py:107} INFO - Finished writing page 2 to csv file
[2024-05-11T08:38:35.256+0000] {homie_ai.py:107} INFO - Finished writing page 3 to csv file
[2024-05-11T08:38:35.921+0000] {homie_ai.py:107} INFO - Finished writing page 4 to csv file
[2024-05-11T08:38:40.435+0000] {homie_ai.py:107} INFO - Finished writing page 2 to csv file
[2024-05-11T08:38:41.247+0000] {homie_ai.py:107} INFO - Finished writing page 3 to csv file
[2024-05-11T08:38:41.773+0000] {homie_ai.py:107} INFO - Finished writing page 4 to csv file
[2024-05-11T08:38:46.274+0000] {homie_ai.py:107} INFO - Finished writing page 2 to csv file
[2024-05-11T08:38:50.330+0000] {homie_ai.py:107} INFO - Finished writing page 2 to csv file
[2024-05-11T08:38:51.027+0000] {homie_ai.py:107} INFO - Finished writing page 3 to csv file
[2024-05-11T08:38:51.661+0000] {homie_ai.py:107} INFO - Finished writing page 4 to csv file
[2024-05-11T08:38:52.339+0000] {homie_ai.py:107} INFO - Finished writing page 5 to csv file
[2024-05-11T08:38:52.913+0000] {homie_ai.py:107} INFO - Finished writing page 6 to csv file
[2024-05-11T08:38:53.540+0000] {homie_ai.py:107} INFO - Finished writing page 7 to csv file
[2024-05-11T08:38:54.158+0000] {homie_ai.py:107} INFO - Finished writing page 8 to csv file
[2024-05-11T08:39:02.296+0000] {homie_ai.py:107} INFO - Finished writing page 2 to csv file
[2024-05-11T08:39:06.853+0000] {homie_ai.py:107} INFO - Finished writing page 2 to csv file
[2024-05-11T08:39:07.371+0000] {homie_ai.py:107} INFO - Finished writing page 3 to csv file
[2024-05-11T08:39:12.345+0000] {homie_ai.py:107} INFO - Finished writing page 2 to csv file
[2024-05-11T08:39:12.962+0000] {homie_ai.py:107} INFO - Finished writing page 3 to csv file
[2024-05-11T08:39:13.784+0000] {homie_ai.py:107} INFO - Finished writing page 4 to csv file
[2024-05-11T08:39:14.316+0000] {homie_ai.py:107} INFO - Finished writing page 5 to csv file
[2024-05-11T08:39:17.169+0000] {homie_ai.py:107} INFO - Finished writing page 2 to csv file
[2024-05-11T08:39:17.732+0000] {homie_ai.py:107} INFO - Finished writing page 3 to csv file
[2024-05-11T08:39:20.384+0000] {homie_ai.py:107} INFO - Finished writing page 2 to csv file
[2024-05-11T08:39:21.141+0000] {homie_ai.py:107} INFO - Finished writing page 3 to csv file
[2024-05-11T08:39:28.840+0000] {homie_ai.py:107} INFO - Finished writing page 2 to csv file
[2024-05-11T08:39:33.574+0000] {homie_ai.py:107} INFO - Finished writing page 2 to csv file
[2024-05-11T08:39:42.101+0000] {homie_ai.py:107} INFO - Finished writing page 2 to csv file
[2024-05-11T08:39:42.807+0000] {homie_ai.py:107} INFO - Finished writing page 3 to csv file
[2024-05-11T08:39:43.449+0000] {homie_ai.py:107} INFO - Finished writing page 4 to csv file
[2024-05-11T08:39:44.053+0000] {homie_ai.py:107} INFO - Finished writing page 5 to csv file
[2024-05-11T08:39:54.609+0000] {homie_ai.py:107} INFO - Finished writing page 2 to csv file
[2024-05-11T08:39:58.984+0000] {homie_ai.py:107} INFO - Finished writing page 2 to csv file
[2024-05-11T08:39:59.562+0000] {homie_ai.py:107} INFO - Finished writing page 3 to csv file
[2024-05-11T08:40:03.331+0000] {homie_ai.py:107} INFO - Finished writing page 2 to csv file
[2024-05-11T08:40:06.012+0000] {homie_ai.py:107} INFO - Finished writing page 2 to csv file
[2024-05-11T08:40:06.617+0000] {homie_ai.py:107} INFO - Finished writing page 3 to csv file
[2024-05-11T08:40:23.649+0000] {homie_ai.py:107} INFO - Finished writing page 2 to csv file
[2024-05-11T08:40:24.267+0000] {homie_ai.py:107} INFO - Finished writing page 3 to csv file
[2024-05-11T08:40:24.878+0000] {homie_ai.py:107} INFO - Finished writing page 4 to csv file
[2024-05-11T08:40:25.524+0000] {homie_ai.py:107} INFO - Finished writing page 5 to csv file
[2024-05-11T08:40:39.786+0000] {homie_ai.py:107} INFO - Finished writing page 2 to csv file
[2024-05-11T08:40:40.335+0000] {homie_ai.py:107} INFO - Finished writing page 3 to csv file
[2024-05-11T08:40:59.265+0000] {homie_ai.py:107} INFO - Finished writing page 2 to csv file
[2024-05-11T08:41:00.015+0000] {homie_ai.py:107} INFO - Finished writing page 3 to csv file
[2024-05-11T08:41:10.131+0000] {homie_ai.py:107} INFO - Finished writing page 2 to csv file
[2024-05-11T08:41:13.677+0000] {homie_ai.py:107} INFO - Finished writing page 2 to csv file
[2024-05-11T08:41:32.412+0000] {homie_ai.py:107} INFO - Finished writing page 2 to csv file
[2024-05-11T08:41:48.190+0000] {homie_ai.py:107} INFO - Finished writing page 2 to csv file
[2024-05-11T08:41:48.746+0000] {homie_ai.py:107} INFO - Finished writing page 3 to csv file
[2024-05-11T08:42:02.444+0000] {homie_ai.py:107} INFO - Finished writing page 2 to csv file
[2024-05-11T08:42:18.850+0000] {homie_ai.py:107} INFO - Finished writing page 2 to csv file
[2024-05-11T08:42:19.413+0000] {homie_ai.py:107} INFO - Finished writing page 3 to csv file
[2024-05-11T08:42:34.951+0000] {homie_ai.py:107} INFO - Finished writing page 2 to csv file
[2024-05-11T08:42:48.486+0000] {homie_ai.py:107} INFO - Finished writing page 2 to csv file
[2024-05-11T09:12:31.418+0000] {python.py:194} INFO - Done. Returned value was: None
[2024-05-11T09:12:31.426+0000] {taskinstance.py:1400} INFO - Marking task as SUCCESS. dag_id=HOMIE_AI, task_id=scrape_immobiliare_data, execution_date=20240511T082326, start_date=20240511T082330, end_date=20240511T091231
[2024-05-11T09:12:31.468+0000] {local_task_job_runner.py:228} INFO - Task exited with return code 0
[2024-05-11T09:12:31.486+0000] {taskinstance.py:2778} INFO - 0 downstream tasks scheduled from follow-on schedule check
